[00:00:04] [Server thread/INFO]: hadeel issued server command: /l 166947
[00:00:27] [User Authenticator #1/INFO]: UUID of player rw4 is 3e54b472-4830-3bba-86eb-59acffcbc28d
[00:00:27] [Server thread/INFO]: rw4[/127.0.0.1:49642] logged in with entity id 155 at ([um]9350.721992645826, 130.0625, 1041.2514263942924)
[00:00:37] [User Authenticator #1/INFO]: UUID of player Wemmbu is b8e46504-274d-3847-ac77-ed94dbe8064b
[00:00:38] [Server thread/INFO]: Wemmbu[/127.0.0.1:53344] logged in with entity id 241 at ([um]-190.5419059281207, 64.0625, 252.83863000778163)
[00:00:44] [Server thread/INFO]: [um]<hadeel> Hamza is being big and ate all my goldfish
[00:00:47] [Server thread/INFO]: Wemmbu issued server command: /l ui7nxjym
[00:00:54] [Server thread/INFO]: [um]<OWNER WemmbuTHE ADMIN> no
[00:00:58] [Server thread/INFO]: Wemmbu issued server command: /home like
[00:00:58] [Server thread/INFO]: like
[00:00:59] [Server thread/INFO]: [um]<hadeel> yes
[00:01:01] [Server thread/INFO]: Wemmbu issued server command: /gmsp
[00:01:08] [Server thread/INFO]: [um]<Verified rw4> lol
[00:01:21] [Server thread/INFO]: rw4 issued server command: /shop
[00:01:22] [Server thread/INFO]: [um]<OWNER WemmbuTHE ADMIN> and wut u gon do abt it
[00:01:30] [Server thread/INFO]: [um]<hadeel> beat you up
[00:01:32] [Server thread/INFO]: Wemmbu issued server command: /tpall
[00:01:32] [Server thread/INFO]: Wemmbu
[00:01:32] [Server thread/INFO]: Wemmbu
[00:01:34] [Server thread/INFO]: Wemmbu issued server command: /gms
[00:01:41] [Server thread/INFO]: [um]<OWNER WemmbuTHE ADMIN> escape
[00:01:43] [Server thread/INFO]: rw4 fell from a high place
[00:01:49] [Server thread/INFO]: rw4 issued server command: /home
[00:01:54] [Craft Scheduler Thread - 46/INFO]: Castle
[00:01:54] [Craft Scheduler Thread - 45/INFO]: Castle
[00:02:01] [Server thread/INFO]: [um]<Verified rw4> i did not realize it was that high damn
[00:02:06] [Server thread/INFO]: [um]<OWNER WemmbuTHE ADMIN> LOL
[00:02:06] [Server thread/INFO]: [NBTAPI] [NBTAPI] Found Minecraft: v1_12_R1! Trying to find NMS support
[00:02:07] [Server thread/INFO]: [NBTAPI] [NBTAPI] NMS support 'MC1_12_R1' loaded!
[00:02:07] [Server thread/INFO]: [NBTAPI] [NBTAPI] Using the plugin 'MTVehicles' to create a bStats instance!
[00:02:10] [Server thread/INFO]: [um]<OWNER WemmbuTHE ADMIN> UR BLIND
[00:02:11] [Server thread/INFO]: rw4 issued server command: /shop
[00:02:13] [Server thread/INFO]: [um]<hadeel> that suck
[00:02:17] [Server thread/INFO]: Shop >> rw4 bought 64 x Coal(Ores.page1.items.1) for $1,344.00 with the buy screen.
[00:02:25] [Server thread/INFO]: [um]<hadeel> hamza tried to push me
[00:02:31] [Server thread/INFO]: rw4 issued server command: /shop4
[00:02:33] [Server thread/INFO]: [um]<hadeel> but im smart
[00:02:34] [Server thread/INFO]: rw4 issued server command: /shop
[00:02:35] [User Authenticator #2/INFO]: UUID of player Mapicc_ is 155f3f57-a945-3584-815b-8098efb04320
[00:02:35] [TAB Processing Thread/INFO]: [TAB] [WARN] Player Mapicc_'s group (verified) is not in sorting list! Sorting list: owner,admin,mod,helper,builder,vip,default. Player will be sorted on the bottom.
[00:02:35] [Server thread/INFO]: Mapicc_[/127.0.0.1:52394] logged in with entity id 1556 at ([um]9352.798362526899, 103.0, 1047.1207974394306)
[00:02:40] [Server thread/INFO]: Shop >> rw4 bought 64 x Coal(Ores.page1.items.1) for $1,344.00 with the buy screen.
[00:02:49] [Server thread/INFO]: [um]<OWNER WemmbuTHE ADMIN> rw4
[00:02:53] [Server thread/INFO]: [um]<OWNER WemmbuTHE ADMIN> are u stupid
[00:02:55] [Server thread/INFO]: [um]<Verified rw4> yeah
[00:02:56] [Server thread/INFO]: [um]<Verified Mapicc_> hamza
[00:03:02] [Server thread/INFO]: [um]<OWNER WemmbuTHE ADMIN> why do u never wear armor
[00:03:04] [Server thread/INFO]: [um]<OWNER WemmbuTHE ADMIN> ?
[00:03:14] [Server thread/INFO]: [um]<Verified Mapicc_> you broke my armor
[00:03:19] [Server thread/INFO]: [um]<Verified rw4> broke
[00:03:25] [Server thread/INFO]: [um]<OWNER WemmbuTHE ADMIN> ok here
[00:03:29] [Server thread/INFO]: [um]<hadeel> hamza is begging for my goldfish
[00:04:03] [Server thread/INFO]: [um]<Verified Mapicc_> hamza
[00:04:03] [Server thread/INFO]: [um]<hadeel> he is no matter what he says
[00:04:08] [Server thread/INFO]: [um]<OWNER WemmbuTHE ADMIN> yeah
[00:04:11] [Server thread/INFO]: Wemmbu issued server command: /tpall
[00:04:11] [Server thread/INFO]: Wemmbu
[00:04:11] [Server thread/INFO]: Wemmbu
[00:04:11] [Server thread/INFO]: Wemmbu
[00:04:12] [Server thread/INFO]: Wemmbu issued server command: /gmc
[00:04:19] [Server thread/INFO]: [um]<OWNER WemmbuTHE ADMIN> HERE IS UR ARMOR
[00:04:20] [Server thread/INFO]: [um]<Verified Mapicc_> my armor broke
[00:04:25] [Server thread/INFO]: rw4 fell from a high place
[00:04:31] [Server thread/INFO]: [um]<hadeel> sorry
[00:04:41] [Server thread/INFO]: Wemmbu issued server command: /repair all
[00:04:44] [Server thread/INFO]: [um]<Verified rw4> idk how that happend
[00:04:47] [Server thread/INFO]: rw4 issued server command: /home
[00:04:52] [Craft Scheduler Thread - 55/INFO]: Castle
[00:04:52] [Craft Scheduler Thread - 50/INFO]: Castle
[00:04:54] [Server thread/INFO]: [um]<OWNER WemmbuTHE ADMIN> gimme chestplate
[00:05:13] [Server thread/INFO]: [um]<hadeel> hamza, i just pushed your freind
[00:05:16] [Server thread/INFO]: [um]<Verified Mapicc_> thx
[00:05:19] [Server thread/INFO]: Wemmbu issued server command: /tpall
[00:05:19] [Server thread/INFO]: Wemmbu
[00:05:19] [Server thread/INFO]: Wemmbu
[00:05:19] [Server thread/INFO]: Wemmbu
[00:05:21] [Server thread/INFO]: [um]<OWNER WemmbuTHE ADMIN> yw ]
[00:05:27] [Server thread/INFO]: [um]<OWNER WemmbuTHE ADMIN> rw4 here
[00:05:31] [Server thread/INFO]: [um]<Verified rw4> huh
[00:05:32] [Server thread/INFO]: [um]<hadeel> sorry
[00:05:33] [Server thread/INFO]: Wemmbu issued server command: /freeze hadeel
[00:05:39] [Server thread/INFO]: [um]<Verified rw4> np
[00:06:04] [Server thread/INFO]: Wemmbu issued server command: /unfreeze hadeel
[00:06:12] [Server thread/INFO]: [um]<OWNER WemmbuTHE ADMIN> rw4
[00:06:17] [Server thread/INFO]: [um]<Verified rw4> yeah?
[00:06:25] [Server thread/INFO]: [um]<OWNER WemmbuTHE ADMIN> i want u to stop wearing tht skin pleae
[00:06:28] [Server thread/INFO]: [um]<OWNER WemmbuTHE ADMIN> please
[00:06:31] [Server thread/INFO]: [um]<Verified rw4> why
[00:06:32] [Server thread/INFO]: [um]<hadeel> hamza is a meanie meanie tangerinie
[00:06:38] [Server thread/ERROR]: Could not pass event EntityDamageByEntityEvent to RealMaces v1.0
org.bukkit.event.EventException: null
	at org.bukkit.plugin.EventExecutor$2.execute(EventExecutor.java:72) ~[patched_1.12.2.jar:git-Paper-1620]
	at co.aikar.timings.TimedEventExecutor.execute(TimedEventExecutor.java:78) ~[patched_1.12.2.jar:git-Paper-1620]
	at org.bukkit.plugin.RegisteredListener.callEvent(RegisteredListener.java:62) ~[patched_1.12.2.jar:git-Paper-1620]
	at org.bukkit.plugin.SimplePluginManager.callEvent(SimplePluginManager.java:513) ~[patched_1.12.2.jar:git-Paper-1620]
	at org.bukkit.craftbukkit.v1_12_R1.event.CraftEventFactory.callEvent(CraftEventFactory.java:94) ~[patched_1.12.2.jar:git-Paper-1620]
	at org.bukkit.craftbukkit.v1_12_R1.event.CraftEventFactory.callEntityDamageEvent(CraftEventFactory.java:620) ~[patched_1.12.2.jar:git-Paper-1620]
	at org.bukkit.craftbukkit.v1_12_R1.event.CraftEventFactory.handleEntityDamageEvent(CraftEventFactory.java:523) ~[patched_1.12.2.jar:git-Paper-1620]
	at org.bukkit.craftbukkit.v1_12_R1.event.CraftEventFactory.handleLivingEntityDamageEvent(CraftEventFactory.java:652) ~[patched_1.12.2.jar:git-Paper-1620]
	at net.minecraft.server.v1_12_R1.EntityLiving.damageEntity0(EntityLiving.java:1415) ~[patched_1.12.2.jar:git-Paper-1620]
	at net.minecraft.server.v1_12_R1.EntityHuman.damageEntity0(EntityHuman.java:860) ~[patched_1.12.2.jar:git-Paper-1620]
	at net.minecraft.server.v1_12_R1.EntityLiving.damageEntity(EntityLiving.java:888) ~[patched_1.12.2.jar:git-Paper-1620]
	at net.minecraft.server.v1_12_R1.EntityHuman.damageEntity(EntityHuman.java:773) ~[patched_1.12.2.jar:git-Paper-1620]
	at net.minecraft.server.v1_12_R1.EntityPlayer.damageEntity(EntityPlayer.java:629) ~[patched_1.12.2.jar:git-Paper-1620]
	at net.minecraft.server.v1_12_R1.EntityHuman.attack(EntityHuman.java:1028) ~[patched_1.12.2.jar:git-Paper-1620]
	at net.minecraft.server.v1_12_R1.EntityPlayer.attack(EntityPlayer.java:1397) ~[patched_1.12.2.jar:git-Paper-1620]
	at net.minecraft.server.v1_12_R1.PlayerConnection.a(PlayerConnection.java:1724) ~[patched_1.12.2.jar:git-Paper-1620]
	at net.minecraft.server.v1_12_R1.PacketPlayInUseEntity.a(PacketPlayInUseEntity.java:49) ~[patched_1.12.2.jar:git-Paper-1620]
	at net.minecraft.server.v1_12_R1.PacketPlayInUseEntity.a(PacketPlayInUseEntity.java:6) ~[patched_1.12.2.jar:git-Paper-1620]
	at net.minecraft.server.v1_12_R1.PlayerConnectionUtils.lambda$ensureMainThread$0(PlayerConnectionUtils.java:14) ~[patched_1.12.2.jar:git-Paper-1620]
	at java.util.concurrent.Executors$RunnableAdapter.call(Executors.java:572) ~[?:?]
	at java.util.concurrent.FutureTask.run(FutureTask.java:317) ~[?:?]
	at net.minecraft.server.v1_12_R1.SystemUtils.a(SourceFile:46) ~[patched_1.12.2.jar:git-Paper-1620]
	at net.minecraft.server.v1_12_R1.MinecraftServer.D(MinecraftServer.java:850) ~[patched_1.12.2.jar:git-Paper-1620]
	at net.minecraft.server.v1_12_R1.DedicatedServer.D(DedicatedServer.java:423) ~[patched_1.12.2.jar:git-Paper-1620]
	at net.minecraft.server.v1_12_R1.MinecraftServer.C(MinecraftServer.java:774) ~[patched_1.12.2.jar:git-Paper-1620]
	at net.minecraft.server.v1_12_R1.MinecraftServer.run(MinecraftServer.java:666) ~[patched_1.12.2.jar:git-Paper-1620]
	at java.lang.Thread.run(Thread.java:1583) [?:?]
Caused by: java.lang.IllegalArgumentException: x not finite
	at org.bukkit.util.NumberConversions.checkFinite(NumberConversions.java:115) ~[patched_1.12.2.jar:git-Paper-1620]
	at org.bukkit.util.Vector.checkFinite(Vector.java:624) ~[patched_1.12.2.jar:git-Paper-1620]
	at org.bukkit.craftbukkit.v1_12_R1.entity.CraftEntity.setVelocity(CraftEntity.java:249) ~[patched_1.12.2.jar:git-Paper-1620]
	at com.realmaces.MaceListener.tntStyleBlast(MaceListener.java:121) ~[?:?]
	at com.realmaces.MaceListener.onEntityDamageByEntity(MaceListener.java:93) ~[?:?]
	at com.destroystokyo.paper.event.executor.asm.generated.GeneratedEventExecutor112.execute(Unknown Source) ~[?:?]
	at org.bukkit.plugin.EventExecutor$2.execute(EventExecutor.java:70) ~[patched_1.12.2.jar:git-Paper-1620]
	... 26 more
[00:06:39] [Server thread/INFO]: [um]<Verified rw4> oh thanks
[00:06:41] [Server thread/INFO]: [um]<OWNER WemmbuTHE ADMIN> i banned it
[00:06:48] [Server thread/INFO]: [um]<OWNER WemmbuTHE ADMIN> i just hate it
[00:06:51] [Server thread/INFO]: [um]<Verified rw4> awww ok
[00:06:53] [Server thread/INFO]: [um]<OWNER WemmbuTHE ADMIN> the advantage
[00:06:59] [Server thread/INFO]: rw4 lost connection: Disconnected
[00:06:59] [Server thread/INFO]: rw4 left the game
[00:07:13] [User Authenticator #3/INFO]: UUID of player rw4 is 3e54b472-4830-3bba-86eb-59acffcbc28d
[00:07:13] [Server thread/INFO]: rw4[/127.0.0.1:56834] logged in with entity id 2591 at ([um]9766.774063308894, 238.0, 9789.091303734323)
[00:07:13] [Server thread/INFO]: Mapicc_ issued server command: /home Mapicc'
[00:07:18] [Craft Scheduler Thread - 41/INFO]: Mapicc'
[00:07:18] [Craft Scheduler Thread - 41/INFO]: Mapicc'
[00:07:24] [Server thread/INFO]: [um]<OWNER WemmbuTHE ADMIN> not th one eather
[00:07:28] [Server thread/INFO]: [um]<Verified rw4> ok
[00:07:30] [Server thread/INFO]: [um]<OWNER WemmbuTHE ADMIN> a normal skin
[00:07:30] [Server thread/INFO]: rw4 lost connection: Disconnected
[00:07:30] [Server thread/INFO]: rw4 left the game
[00:07:39] [Server thread/INFO]: Mapicc_ issued server command: /home Mapicc
[00:07:47] [Server thread/INFO]: Mapicc_ issued server command: /home Mapicc
[00:07:51] [Server thread/INFO]: Mapicc_ issued server command: /home Mapicc
[00:07:52] [User Authenticator #3/INFO]: UUID of player rw4 is 3e54b472-4830-3bba-86eb-59acffcbc28d
[00:07:52] [Server thread/INFO]: rw4[/127.0.0.1:42950] logged in with entity id 2689 at ([um]9766.774063308894, 238.0, 9789.091303734323)
[00:07:56] [Craft Scheduler Thread - 62/INFO]: Mapicc
[00:07:56] [Craft Scheduler Thread - 62/INFO]: Mapicc
[00:08:00] [Server thread/INFO]: [um]<Verified rw4> this?
[00:08:31] [Server thread/INFO]: hadeel has made the advancement [Stone Age]
[00:08:33] [Server thread/INFO]: rw4 issued server command: /home
[00:08:38] [Craft Scheduler Thread - 58/INFO]: Castle
[00:08:38] [Craft Scheduler Thread - 57/INFO]: Castle
[00:09:00] [Server thread/INFO]: Wemmbu issued server command: /tpall
[00:09:00] [Server thread/INFO]: Wemmbu
[00:09:00] [Server thread/INFO]: Wemmbu
[00:09:00] [Server thread/INFO]: Wemmbu
[00:09:04] [Server thread/INFO]: [um]<OWNER WemmbuTHE ADMIN> no
[00:09:08] [Server thread/INFO]: [um]<OWNER WemmbuTHE ADMIN> please
[00:09:13] [Server thread/INFO]: [um]<Verified rw4> what should i put
[00:09:19] [Server thread/INFO]: [um]<OWNER WemmbuTHE ADMIN> a normal big skin
[00:09:22] [Server thread/INFO]: [um]<OWNER WemmbuTHE ADMIN> or
[00:09:24] [Server thread/INFO]: [um]<OWNER WemmbuTHE ADMIN> if u want
[00:09:38] [Server thread/INFO]: [um]<hadeel> i pushed yo because you looked pushabel
[00:09:40] [Server thread/INFO]: [um]<Verified rw4> im listening
[00:09:48] [Server thread/INFO]: [um]<OWNER WemmbuTHE ADMIN> or wait jst pick a big normal sized skin
[00:09:55] [Server thread/INFO]: [um]<Verified rw4> ?
[00:10:10] [Server thread/INFO]: rw4 lost connection: Disconnected
[00:10:10] [Server thread/INFO]: rw4 left the game
[00:11:01] [Server thread/INFO]: hadeel fell from a high place
[00:11:45] [Server thread/INFO]: Wemmbu issued server command: /tpall
[00:11:45] [Server thread/INFO]: Wemmbu
[00:11:45] [Server thread/INFO]: Wemmbu
[00:11:51] [Server thread/ERROR]: Could not pass event EntityDamageByEntityEvent to RealMaces v1.0
org.bukkit.event.EventException: null
	at org.bukkit.plugin.EventExecutor$2.execute(EventExecutor.java:72) ~[patched_1.12.2.jar:git-Paper-1620]
	at co.aikar.timings.TimedEventExecutor.execute(TimedEventExecutor.java:78) ~[patched_1.12.2.jar:git-Paper-1620]
	at org.bukkit.plugin.RegisteredListener.callEvent(RegisteredListener.java:62) ~[patched_1.12.2.jar:git-Paper-1620]
	at org.bukkit.plugin.SimplePluginManager.callEvent(SimplePluginManager.java:513) ~[patched_1.12.2.jar:git-Paper-1620]
	at org.bukkit.craftbukkit.v1_12_R1.event.CraftEventFactory.callEvent(CraftEventFactory.java:94) ~[patched_1.12.2.jar:git-Paper-1620]
	at org.bukkit.craftbukkit.v1_12_R1.event.CraftEventFactory.callEntityDamageEvent(CraftEventFactory.java:620) ~[patched_1.12.2.jar:git-Paper-1620]
	at org.bukkit.craftbukkit.v1_12_R1.event.CraftEventFactory.handleEntityDamageEvent(CraftEventFactory.java:523) ~[patched_1.12.2.jar:git-Paper-1620]
	at org.bukkit.craftbukkit.v1_12_R1.event.CraftEventFactory.handleLivingEntityDamageEvent(CraftEventFactory.java:652) ~[patched_1.12.2.jar:git-Paper-1620]
	at net.minecraft.server.v1_12_R1.EntityLiving.damageEntity0(EntityLiving.java:1415) ~[patched_1.12.2.jar:git-Paper-1620]
	at net.minecraft.server.v1_12_R1.EntityHuman.damageEntity0(EntityHuman.java:860) ~[patched_1.12.2.jar:git-Paper-1620]
	at net.minecraft.server.v1_12_R1.EntityLiving.damageEntity(EntityLiving.java:888) ~[patched_1.12.2.jar:git-Paper-1620]
	at net.minecraft.server.v1_12_R1.EntityHuman.damageEntity(EntityHuman.java:773) ~[patched_1.12.2.jar:git-Paper-1620]
	at net.minecraft.server.v1_12_R1.EntityPlayer.damageEntity(EntityPlayer.java:629) ~[patched_1.12.2.jar:git-Paper-1620]
	at net.minecraft.server.v1_12_R1.EntityHuman.attack(EntityHuman.java:1028) ~[patched_1.12.2.jar:git-Paper-1620]
	at net.minecraft.server.v1_12_R1.EntityPlayer.attack(EntityPlayer.java:1397) ~[patched_1.12.2.jar:git-Paper-1620]
	at net.minecraft.server.v1_12_R1.PlayerConnection.a(PlayerConnection.java:1724) ~[patched_1.12.2.jar:git-Paper-1620]
	at net.minecraft.server.v1_12_R1.PacketPlayInUseEntity.a(PacketPlayInUseEntity.java:49) ~[patched_1.12.2.jar:git-Paper-1620]
	at net.minecraft.server.v1_12_R1.PacketPlayInUseEntity.a(PacketPlayInUseEntity.java:6) ~[patched_1.12.2.jar:git-Paper-1620]
	at net.minecraft.server.v1_12_R1.PlayerConnectionUtils.lambda$ensureMainThread$0(PlayerConnectionUtils.java:14) ~[patched_1.12.2.jar:git-Paper-1620]
	at java.util.concurrent.Executors$RunnableAdapter.call(Executors.java:572) ~[?:?]
	at java.util.concurrent.FutureTask.run(FutureTask.java:317) ~[?:?]
	at net.minecraft.server.v1_12_R1.SystemUtils.a(SourceFile:46) ~[patched_1.12.2.jar:git-Paper-1620]
	at net.minecraft.server.v1_12_R1.MinecraftServer.D(MinecraftServer.java:850) ~[patched_1.12.2.jar:git-Paper-1620]
	at net.minecraft.server.v1_12_R1.DedicatedServer.D(DedicatedServer.java:423) ~[patched_1.12.2.jar:git-Paper-1620]
	at net.minecraft.server.v1_12_R1.MinecraftServer.C(MinecraftServer.java:774) ~[patched_1.12.2.jar:git-Paper-1620]
	at net.minecraft.server.v1_12_R1.MinecraftServer.run(MinecraftServer.java:666) ~[patched_1.12.2.jar:git-Paper-1620]
	at java.lang.Thread.run(Thread.java:1583) [?:?]
Caused by: java.lang.IllegalArgumentException: x not finite
	at org.bukkit.util.NumberConversions.checkFinite(NumberConversions.java:115) ~[patched_1.12.2.jar:git-Paper-1620]
	at org.bukkit.util.Vector.checkFinite(Vector.java:624) ~[patched_1.12.2.jar:git-Paper-1620]
	at org.bukkit.craftbukkit.v1_12_R1.entity.CraftEntity.setVelocity(CraftEntity.java:249) ~[patched_1.12.2.jar:git-Paper-1620]
	at com.realmaces.MaceListener.tntStyleBlast(MaceListener.java:121) ~[?:?]
	at com.realmaces.MaceListener.onEntityDamageByEntity(MaceListener.java:93) ~[?:?]
	at com.destroystokyo.paper.event.executor.asm.generated.GeneratedEventExecutor112.execute(Unknown Source) ~[?:?]
	at org.bukkit.plugin.EventExecutor$2.execute(EventExecutor.java:70) ~[patched_1.12.2.jar:git-Paper-1620]
	... 26 more
[00:11:53] [Server thread/ERROR]: Could not pass event EntityDamageByEntityEvent to RealMaces v1.0
org.bukkit.event.EventException: null
	at org.bukkit.plugin.EventExecutor$2.execute(EventExecutor.java:72) ~[patched_1.12.2.jar:git-Paper-1620]
	at co.aikar.timings.TimedEventExecutor.execute(TimedEventExecutor.java:78) ~[patched_1.12.2.jar:git-Paper-1620]
	at org.bukkit.plugin.RegisteredListener.callEvent(RegisteredListener.java:62) ~[patched_1.12.2.jar:git-Paper-1620]
	at org.bukkit.plugin.SimplePluginManager.callEvent(SimplePluginManager.java:513) ~[patched_1.12.2.jar:git-Paper-1620]
	at org.bukkit.craftbukkit.v1_12_R1.event.CraftEventFactory.callEvent(CraftEventFactory.java:94) ~[patched_1.12.2.jar:git-Paper-1620]
	at org.bukkit.craftbukkit.v1_12_R1.event.CraftEventFactory.callEntityDamageEvent(CraftEventFactory.java:620) ~[patched_1.12.2.jar:git-Paper-1620]
	at org.bukkit.craftbukkit.v1_12_R1.event.CraftEventFactory.handleEntityDamageEvent(CraftEventFactory.java:523) ~[patched_1.12.2.jar:git-Paper-1620]
	at org.bukkit.craftbukkit.v1_12_R1.event.CraftEventFactory.handleLivingEntityDamageEvent(CraftEventFactory.java:652) ~[patched_1.12.2.jar:git-Paper-1620]
	at net.minecraft.server.v1_12_R1.EntityLiving.damageEntity0(EntityLiving.java:1415) ~[patched_1.12.2.jar:git-Paper-1620]
	at net.minecraft.server.v1_12_R1.EntityHuman.damageEntity0(EntityHuman.java:860) ~[patched_1.12.2.jar:git-Paper-1620]
	at net.minecraft.server.v1_12_R1.EntityLiving.damageEntity(EntityLiving.java:888) ~[patched_1.12.2.jar:git-Paper-1620]
	at net.minecraft.server.v1_12_R1.EntityHuman.damageEntity(EntityHuman.java:773) ~[patched_1.12.2.jar:git-Paper-1620]
	at net.minecraft.server.v1_12_R1.EntityPlayer.damageEntity(EntityPlayer.java:629) ~[patched_1.12.2.jar:git-Paper-1620]
	at net.minecraft.server.v1_12_R1.EntityHuman.attack(EntityHuman.java:1028) ~[patched_1.12.2.jar:git-Paper-1620]
	at net.minecraft.server.v1_12_R1.EntityPlayer.attack(EntityPlayer.java:1397) ~[patched_1.12.2.jar:git-Paper-1620]
	at net.minecraft.server.v1_12_R1.PlayerConnection.a(PlayerConnection.java:1724) ~[patched_1.12.2.jar:git-Paper-1620]
	at net.minecraft.server.v1_12_R1.PacketPlayInUseEntity.a(PacketPlayInUseEntity.java:49) ~[patched_1.12.2.jar:git-Paper-1620]
	at net.minecraft.server.v1_12_R1.PacketPlayInUseEntity.a(PacketPlayInUseEntity.java:6) ~[patched_1.12.2.jar:git-Paper-1620]
	at net.minecraft.server.v1_12_R1.PlayerConnectionUtils.lambda$ensureMainThread$0(PlayerConnectionUtils.java:14) ~[patched_1.12.2.jar:git-Paper-1620]
	at java.util.concurrent.Executors$RunnableAdapter.call(Executors.java:572) ~[?:?]
	at java.util.concurrent.FutureTask.run(FutureTask.java:317) ~[?:?]
	at net.minecraft.server.v1_12_R1.SystemUtils.a(SourceFile:46) ~[patched_1.12.2.jar:git-Paper-1620]
	at net.minecraft.server.v1_12_R1.MinecraftServer.D(MinecraftServer.java:850) ~[patched_1.12.2.jar:git-Paper-1620]
	at net.minecraft.server.v1_12_R1.DedicatedServer.D(DedicatedServer.java:423) ~[patched_1.12.2.jar:git-Paper-1620]
	at net.minecraft.server.v1_12_R1.MinecraftServer.C(MinecraftServer.java:774) ~[patched_1.12.2.jar:git-Paper-1620]
	at net.minecraft.server.v1_12_R1.MinecraftServer.run(MinecraftServer.java:666) ~[patched_1.12.2.jar:git-Paper-1620]
	at java.lang.Thread.run(Thread.java:1583) [?:?]
Caused by: java.lang.IllegalArgumentException: x not finite
	at org.bukkit.util.NumberConversions.checkFinite(NumberConversions.java:115) ~[patched_1.12.2.jar:git-Paper-1620]
	at org.bukkit.util.Vector.checkFinite(Vector.java:624) ~[patched_1.12.2.jar:git-Paper-1620]
	at org.bukkit.craftbukkit.v1_12_R1.entity.CraftEntity.setVelocity(CraftEntity.java:249) ~[patched_1.12.2.jar:git-Paper-1620]
	at com.realmaces.MaceListener.tntStyleBlast(MaceListener.java:121) ~[?:?]
	at com.realmaces.MaceListener.onEntityDamageByEntity(MaceListener.java:93) ~[?:?]
	at com.destroystokyo.paper.event.executor.asm.generated.GeneratedEventExecutor112.execute(Unknown Source) ~[?:?]
	at org.bukkit.plugin.EventExecutor$2.execute(EventExecutor.java:70) ~[patched_1.12.2.jar:git-Paper-1620]
	... 26 more
[00:11:55] [Server thread/ERROR]: Could not pass event EntityDamageByEntityEvent to RealMaces v1.0
org.bukkit.event.EventException: null
	at org.bukkit.plugin.EventExecutor$2.execute(EventExecutor.java:72) ~[patched_1.12.2.jar:git-Paper-1620]
	at co.aikar.timings.TimedEventExecutor.execute(TimedEventExecutor.java:78) ~[patched_1.12.2.jar:git-Paper-1620]
	at org.bukkit.plugin.RegisteredListener.callEvent(RegisteredListener.java:62) ~[patched_1.12.2.jar:git-Paper-1620]
	at org.bukkit.plugin.SimplePluginManager.callEvent(SimplePluginManager.java:513) ~[patched_1.12.2.jar:git-Paper-1620]
	at org.bukkit.craftbukkit.v1_12_R1.event.CraftEventFactory.callEvent(CraftEventFactory.java:94) ~[patched_1.12.2.jar:git-Paper-1620]
	at org.bukkit.craftbukkit.v1_12_R1.event.CraftEventFactory.callEntityDamageEvent(CraftEventFactory.java:620) ~[patched_1.12.2.jar:git-Paper-1620]
	at org.bukkit.craftbukkit.v1_12_R1.event.CraftEventFactory.handleEntityDamageEvent(CraftEventFactory.java:523) ~[patched_1.12.2.jar:git-Paper-1620]
	at org.bukkit.craftbukkit.v1_12_R1.event.CraftEventFactory.handleLivingEntityDamageEvent(CraftEventFactory.java:652) ~[patched_1.12.2.jar:git-Paper-1620]
	at net.minecraft.server.v1_12_R1.EntityLiving.damageEntity0(EntityLiving.java:1415) ~[patched_1.12.2.jar:git-Paper-1620]
	at net.minecraft.server.v1_12_R1.EntityHuman.damageEntity0(EntityHuman.java:860) ~[patched_1.12.2.jar:git-Paper-1620]
	at net.minecraft.server.v1_12_R1.EntityLiving.damageEntity(EntityLiving.java:888) ~[patched_1.12.2.jar:git-Paper-1620]
	at net.minecraft.server.v1_12_R1.EntityHuman.damageEntity(EntityHuman.java:773) ~[patched_1.12.2.jar:git-Paper-1620]
	at net.minecraft.server.v1_12_R1.EntityPlayer.damageEntity(EntityPlayer.java:629) ~[patched_1.12.2.jar:git-Paper-1620]
	at net.minecraft.server.v1_12_R1.EntityHuman.attack(EntityHuman.java:1028) ~[patched_1.12.2.jar:git-Paper-1620]
	at net.minecraft.server.v1_12_R1.EntityPlayer.attack(EntityPlayer.java:1397) ~[patched_1.12.2.jar:git-Paper-1620]
	at net.minecraft.server.v1_12_R1.PlayerConnection.a(PlayerConnection.java:1724) ~[patched_1.12.2.jar:git-Paper-1620]
	at net.minecraft.server.v1_12_R1.PacketPlayInUseEntity.a(PacketPlayInUseEntity.java:49) ~[patched_1.12.2.jar:git-Paper-1620]
	at net.minecraft.server.v1_12_R1.PacketPlayInUseEntity.a(PacketPlayInUseEntity.java:6) ~[patched_1.12.2.jar:git-Paper-1620]
	at net.minecraft.server.v1_12_R1.PlayerConnectionUtils.lambda$ensureMainThread$0(PlayerConnectionUtils.java:14) ~[patched_1.12.2.jar:git-Paper-1620]
	at java.util.concurrent.Executors$RunnableAdapter.call(Executors.java:572) ~[?:?]
	at java.util.concurrent.FutureTask.run(FutureTask.java:317) ~[?:?]
	at net.minecraft.server.v1_12_R1.SystemUtils.a(SourceFile:46) ~[patched_1.12.2.jar:git-Paper-1620]
	at net.minecraft.server.v1_12_R1.MinecraftServer.D(MinecraftServer.java:850) ~[patched_1.12.2.jar:git-Paper-1620]
	at net.minecraft.server.v1_12_R1.DedicatedServer.D(DedicatedServer.java:423) ~[patched_1.12.2.jar:git-Paper-1620]
	at net.minecraft.server.v1_12_R1.MinecraftServer.C(MinecraftServer.java:774) ~[patched_1.12.2.jar:git-Paper-1620]
	at net.minecraft.server.v1_12_R1.MinecraftServer.run(MinecraftServer.java:666) ~[patched_1.12.2.jar:git-Paper-1620]
	at java.lang.Thread.run(Thread.java:1583) [?:?]
Caused by: java.lang.IllegalArgumentException: x not finite
	at org.bukkit.util.NumberConversions.checkFinite(NumberConversions.java:115) ~[patched_1.12.2.jar:git-Paper-1620]
	at org.bukkit.util.Vector.checkFinite(Vector.java:624) ~[patched_1.12.2.jar:git-Paper-1620]
	at org.bukkit.craftbukkit.v1_12_R1.entity.CraftEntity.setVelocity(CraftEntity.java:249) ~[patched_1.12.2.jar:git-Paper-1620]
	at com.realmaces.MaceListener.tntStyleBlast(MaceListener.java:121) ~[?:?]
	at com.realmaces.MaceListener.onEntityDamageByEntity(MaceListener.java:93) ~[?:?]
	at com.destroystokyo.paper.event.executor.asm.generated.GeneratedEventExecutor112.execute(Unknown Source) ~[?:?]
	at org.bukkit.plugin.EventExecutor$2.execute(EventExecutor.java:70) ~[patched_1.12.2.jar:git-Paper-1620]
	... 26 more
[00:11:55] [Server thread/ERROR]: Could not pass event EntityDamageByEntityEvent to RealMaces v1.0
org.bukkit.event.EventException: null
	at org.bukkit.plugin.EventExecutor$2.execute(EventExecutor.java:72) ~[patched_1.12.2.jar:git-Paper-1620]
	at co.aikar.timings.TimedEventExecutor.execute(TimedEventExecutor.java:78) ~[patched_1.12.2.jar:git-Paper-1620]
	at org.bukkit.plugin.RegisteredListener.callEvent(RegisteredListener.java:62) ~[patched_1.12.2.jar:git-Paper-1620]
	at org.bukkit.plugin.SimplePluginManager.callEvent(SimplePluginManager.java:513) ~[patched_1.12.2.jar:git-Paper-1620]
	at org.bukkit.craftbukkit.v1_12_R1.event.CraftEventFactory.callEvent(CraftEventFactory.java:94) ~[patched_1.12.2.jar:git-Paper-1620]
	at org.bukkit.craftbukkit.v1_12_R1.event.CraftEventFactory.callEntityDamageEvent(CraftEventFactory.java:620) ~[patched_1.12.2.jar:git-Paper-1620]
	at org.bukkit.craftbukkit.v1_12_R1.event.CraftEventFactory.handleEntityDamageEvent(CraftEventFactory.java:523) ~[patched_1.12.2.jar:git-Paper-1620]
	at org.bukkit.craftbukkit.v1_12_R1.event.CraftEventFactory.handleLivingEntityDamageEvent(CraftEventFactory.java:652) ~[patched_1.12.2.jar:git-Paper-1620]
	at net.minecraft.server.v1_12_R1.EntityLiving.damageEntity0(EntityLiving.java:1415) ~[patched_1.12.2.jar:git-Paper-1620]
	at net.minecraft.server.v1_12_R1.EntityHuman.damageEntity0(EntityHuman.java:860) ~[patched_1.12.2.jar:git-Paper-1620]
	at net.minecraft.server.v1_12_R1.EntityLiving.damageEntity(EntityLiving.java:888) ~[patched_1.12.2.jar:git-Paper-1620]
	at net.minecraft.server.v1_12_R1.EntityHuman.damageEntity(EntityHuman.java:773) ~[patched_1.12.2.jar:git-Paper-1620]
	at net.minecraft.server.v1_12_R1.EntityPlayer.damageEntity(EntityPlayer.java:629) ~[patched_1.12.2.jar:git-Paper-1620]
	at net.minecraft.server.v1_12_R1.EntityHuman.attack(EntityHuman.java:1028) ~[patched_1.12.2.jar:git-Paper-1620]
	at net.minecraft.server.v1_12_R1.EntityPlayer.attack(EntityPlayer.java:1397) ~[patched_1.12.2.jar:git-Paper-1620]
	at net.minecraft.server.v1_12_R1.PlayerConnection.a(PlayerConnection.java:1724) ~[patched_1.12.2.jar:git-Paper-1620]
	at net.minecraft.server.v1_12_R1.PacketPlayInUseEntity.a(PacketPlayInUseEntity.java:49) ~[patched_1.12.2.jar:git-Paper-1620]
	at net.minecraft.server.v1_12_R1.PacketPlayInUseEntity.a(PacketPlayInUseEntity.java:6) ~[patched_1.12.2.jar:git-Paper-1620]
	at net.minecraft.server.v1_12_R1.PlayerConnectionUtils.lambda$ensureMainThread$0(PlayerConnectionUtils.java:14) ~[patched_1.12.2.jar:git-Paper-1620]
	at java.util.concurrent.Executors$RunnableAdapter.call(Executors.java:572) ~[?:?]
	at java.util.concurrent.FutureTask.run(FutureTask.java:317) ~[?:?]
	at net.minecraft.server.v1_12_R1.SystemUtils.a(SourceFile:46) ~[patched_1.12.2.jar:git-Paper-1620]
	at net.minecraft.server.v1_12_R1.MinecraftServer.D(MinecraftServer.java:850) ~[patched_1.12.2.jar:git-Paper-1620]
	at net.minecraft.server.v1_12_R1.DedicatedServer.D(DedicatedServer.java:423) ~[patched_1.12.2.jar:git-Paper-1620]
	at net.minecraft.server.v1_12_R1.MinecraftServer.C(MinecraftServer.java:774) ~[patched_1.12.2.jar:git-Paper-1620]
	at net.minecraft.server.v1_12_R1.MinecraftServer.run(MinecraftServer.java:666) ~[patched_1.12.2.jar:git-Paper-1620]
	at java.lang.Thread.run(Thread.java:1583) [?:?]
Caused by: java.lang.IllegalArgumentException: x not finite
	at org.bukkit.util.NumberConversions.checkFinite(NumberConversions.java:115) ~[patched_1.12.2.jar:git-Paper-1620]
	at org.bukkit.util.Vector.checkFinite(Vector.java:624) ~[patched_1.12.2.jar:git-Paper-1620]
	at org.bukkit.craftbukkit.v1_12_R1.entity.CraftEntity.setVelocity(CraftEntity.java:249) ~[patched_1.12.2.jar:git-Paper-1620]
	at com.realmaces.MaceListener.tntStyleBlast(MaceListener.java:121) ~[?:?]
	at com.realmaces.MaceListener.onEntityDamageByEntity(MaceListener.java:93) ~[?:?]
	at com.destroystokyo.paper.event.executor.asm.generated.GeneratedEventExecutor112.execute(Unknown Source) ~[?:?]
	at org.bukkit.plugin.EventExecutor$2.execute(EventExecutor.java:70) ~[patched_1.12.2.jar:git-Paper-1620]
	... 26 more
[00:12:06] [Server thread/ERROR]: Could not pass event EntityDamageByEntityEvent to RealMaces v1.0
org.bukkit.event.EventException: null
	at org.bukkit.plugin.EventExecutor$2.execute(EventExecutor.java:72) ~[patched_1.12.2.jar:git-Paper-1620]
	at co.aikar.timings.TimedEventExecutor.execute(TimedEventExecutor.java:78) ~[patched_1.12.2.jar:git-Paper-1620]
	at org.bukkit.plugin.RegisteredListener.callEvent(RegisteredListener.java:62) ~[patched_1.12.2.jar:git-Paper-1620]
	at org.bukkit.plugin.SimplePluginManager.callEvent(SimplePluginManager.java:513) ~[patched_1.12.2.jar:git-Paper-1620]
	at org.bukkit.craftbukkit.v1_12_R1.event.CraftEventFactory.callEvent(CraftEventFactory.java:94) ~[patched_1.12.2.jar:git-Paper-1620]
	at org.bukkit.craftbukkit.v1_12_R1.event.CraftEventFactory.callEntityDamageEvent(CraftEventFactory.java:620) ~[patched_1.12.2.jar:git-Paper-1620]
	at org.bukkit.craftbukkit.v1_12_R1.event.CraftEventFactory.handleEntityDamageEvent(CraftEventFactory.java:523) ~[patched_1.12.2.jar:git-Paper-1620]
	at org.bukkit.craftbukkit.v1_12_R1.event.CraftEventFactory.handleLivingEntityDamageEvent(CraftEventFactory.java:652) ~[patched_1.12.2.jar:git-Paper-1620]
	at net.minecraft.server.v1_12_R1.EntityLiving.damageEntity0(EntityLiving.java:1415) ~[patched_1.12.2.jar:git-Paper-1620]
	at net.minecraft.server.v1_12_R1.EntityHuman.damageEntity0(EntityHuman.java:860) ~[patched_1.12.2.jar:git-Paper-1620]
	at net.minecraft.server.v1_12_R1.EntityLiving.damageEntity(EntityLiving.java:888) ~[patched_1.12.2.jar:git-Paper-1620]
	at net.minecraft.server.v1_12_R1.EntityHuman.damageEntity(EntityHuman.java:773) ~[patched_1.12.2.jar:git-Paper-1620]
	at net.minecraft.server.v1_12_R1.EntityPlayer.damageEntity(EntityPlayer.java:629) ~[patched_1.12.2.jar:git-Paper-1620]
	at net.minecraft.server.v1_12_R1.EntityHuman.attack(EntityHuman.java:1028) ~[patched_1.12.2.jar:git-Paper-1620]
	at net.minecraft.server.v1_12_R1.EntityPlayer.attack(EntityPlayer.java:1397) ~[patched_1.12.2.jar:git-Paper-1620]
	at net.minecraft.server.v1_12_R1.PlayerConnection.a(PlayerConnection.java:1724) ~[patched_1.12.2.jar:git-Paper-1620]
	at net.minecraft.server.v1_12_R1.PacketPlayInUseEntity.a(PacketPlayInUseEntity.java:49) ~[patched_1.12.2.jar:git-Paper-1620]
	at net.minecraft.server.v1_12_R1.PacketPlayInUseEntity.a(PacketPlayInUseEntity.java:6) ~[patched_1.12.2.jar:git-Paper-1620]
	at net.minecraft.server.v1_12_R1.PlayerConnectionUtils.lambda$ensureMainThread$0(PlayerConnectionUtils.java:14) ~[patched_1.12.2.jar:git-Paper-1620]
	at java.util.concurrent.Executors$RunnableAdapter.call(Executors.java:572) ~[?:?]
	at java.util.concurrent.FutureTask.run(FutureTask.java:317) ~[?:?]
	at net.minecraft.server.v1_12_R1.SystemUtils.a(SourceFile:46) ~[patched_1.12.2.jar:git-Paper-1620]
	at net.minecraft.server.v1_12_R1.MinecraftServer.D(MinecraftServer.java:850) ~[patched_1.12.2.jar:git-Paper-1620]
	at net.minecraft.server.v1_12_R1.DedicatedServer.D(DedicatedServer.java:423) ~[patched_1.12.2.jar:git-Paper-1620]
	at net.minecraft.server.v1_12_R1.MinecraftServer.C(MinecraftServer.java:774) ~[patched_1.12.2.jar:git-Paper-1620]
	at net.minecraft.server.v1_12_R1.MinecraftServer.run(MinecraftServer.java:666) ~[patched_1.12.2.jar:git-Paper-1620]
	at java.lang.Thread.run(Thread.java:1583) [?:?]
Caused by: java.lang.IllegalArgumentException: x not finite
	at org.bukkit.util.NumberConversions.checkFinite(NumberConversions.java:115) ~[patched_1.12.2.jar:git-Paper-1620]
	at org.bukkit.util.Vector.checkFinite(Vector.java:624) ~[patched_1.12.2.jar:git-Paper-1620]
	at org.bukkit.craftbukkit.v1_12_R1.entity.CraftEntity.setVelocity(CraftEntity.java:249) ~[patched_1.12.2.jar:git-Paper-1620]
	at com.realmaces.MaceListener.tntStyleBlast(MaceListener.java:121) ~[?:?]
	at com.realmaces.MaceListener.onEntityDamageByEntity(MaceListener.java:93) ~[?:?]
	at com.destroystokyo.paper.event.executor.asm.generated.GeneratedEventExecutor112.execute(Unknown Source) ~[?:?]
	at org.bukkit.plugin.EventExecutor$2.execute(EventExecutor.java:70) ~[patched_1.12.2.jar:git-Paper-1620]
	... 26 more
[00:12:06] [Server thread/ERROR]: Could not pass event EntityDamageByEntityEvent to RealMaces v1.0
org.bukkit.event.EventException: null
	at org.bukkit.plugin.EventExecutor$2.execute(EventExecutor.java:72) ~[patched_1.12.2.jar:git-Paper-1620]
	at co.aikar.timings.TimedEventExecutor.execute(TimedEventExecutor.java:78) ~[patched_1.12.2.jar:git-Paper-1620]
	at org.bukkit.plugin.RegisteredListener.callEvent(RegisteredListener.java:62) ~[patched_1.12.2.jar:git-Paper-1620]
	at org.bukkit.plugin.SimplePluginManager.callEvent(SimplePluginManager.java:513) ~[patched_1.12.2.jar:git-Paper-1620]
	at org.bukkit.craftbukkit.v1_12_R1.event.CraftEventFactory.callEvent(CraftEventFactory.java:94) ~[patched_1.12.2.jar:git-Paper-1620]
	at org.bukkit.craftbukkit.v1_12_R1.event.CraftEventFactory.callEntityDamageEvent(CraftEventFactory.java:620) ~[patched_1.12.2.jar:git-Paper-1620]
	at org.bukkit.craftbukkit.v1_12_R1.event.CraftEventFactory.handleEntityDamageEvent(CraftEventFactory.java:523) ~[patched_1.12.2.jar:git-Paper-1620]
	at org.bukkit.craftbukkit.v1_12_R1.event.CraftEventFactory.handleLivingEntityDamageEvent(CraftEventFactory.java:652) ~[patched_1.12.2.jar:git-Paper-1620]
	at net.minecraft.server.v1_12_R1.EntityLiving.damageEntity0(EntityLiving.java:1415) ~[patched_1.12.2.jar:git-Paper-1620]
	at net.minecraft.server.v1_12_R1.EntityHuman.damageEntity0(EntityHuman.java:860) ~[patched_1.12.2.jar:git-Paper-1620]
	at net.minecraft.server.v1_12_R1.EntityLiving.damageEntity(EntityLiving.java:880) ~[patched_1.12.2.jar:git-Paper-1620]
	at net.minecraft.server.v1_12_R1.EntityHuman.damageEntity(EntityHuman.java:773) ~[patched_1.12.2.jar:git-Paper-1620]
	at net.minecraft.server.v1_12_R1.EntityPlayer.damageEntity(EntityPlayer.java:629) ~[patched_1.12.2.jar:git-Paper-1620]
	at net.minecraft.server.v1_12_R1.EntityHuman.attack(EntityHuman.java:1028) ~[patched_1.12.2.jar:git-Paper-1620]
	at net.minecraft.server.v1_12_R1.EntityPlayer.attack(EntityPlayer.java:1397) ~[patched_1.12.2.jar:git-Paper-1620]
	at net.minecraft.server.v1_12_R1.PlayerConnection.a(PlayerConnection.java:1724) ~[patched_1.12.2.jar:git-Paper-1620]
	at net.minecraft.server.v1_12_R1.PacketPlayInUseEntity.a(PacketPlayInUseEntity.java:49) ~[patched_1.12.2.jar:git-Paper-1620]
	at net.minecraft.server.v1_12_R1.PacketPlayInUseEntity.a(PacketPlayInUseEntity.java:6) ~[patched_1.12.2.jar:git-Paper-1620]
	at net.minecraft.server.v1_12_R1.PlayerConnectionUtils.lambda$ensureMainThread$0(PlayerConnectionUtils.java:14) ~[patched_1.12.2.jar:git-Paper-1620]
	at java.util.concurrent.Executors$RunnableAdapter.call(Executors.java:572) ~[?:?]
	at java.util.concurrent.FutureTask.run(FutureTask.java:317) ~[?:?]
	at net.minecraft.server.v1_12_R1.SystemUtils.a(SourceFile:46) ~[patched_1.12.2.jar:git-Paper-1620]
	at net.minecraft.server.v1_12_R1.MinecraftServer.D(MinecraftServer.java:850) ~[patched_1.12.2.jar:git-Paper-1620]
	at net.minecraft.server.v1_12_R1.DedicatedServer.D(DedicatedServer.java:423) ~[patched_1.12.2.jar:git-Paper-1620]
	at net.minecraft.server.v1_12_R1.MinecraftServer.C(MinecraftServer.java:774) ~[patched_1.12.2.jar:git-Paper-1620]
	at net.minecraft.server.v1_12_R1.MinecraftServer.run(MinecraftServer.java:666) ~[patched_1.12.2.jar:git-Paper-1620]
	at java.lang.Thread.run(Thread.java:1583) [?:?]
Caused by: java.lang.IllegalArgumentException: x not finite
	at org.bukkit.util.NumberConversions.checkFinite(NumberConversions.java:115) ~[patched_1.12.2.jar:git-Paper-1620]
	at org.bukkit.util.Vector.checkFinite(Vector.java:624) ~[patched_1.12.2.jar:git-Paper-1620]
	at org.bukkit.craftbukkit.v1_12_R1.entity.CraftEntity.setVelocity(CraftEntity.java:249) ~[patched_1.12.2.jar:git-Paper-1620]
	at com.realmaces.MaceListener.tntStyleBlast(MaceListener.java:121) ~[?:?]
	at com.realmaces.MaceListener.onEntityDamageByEntity(MaceListener.java:93) ~[?:?]
	at com.destroystokyo.paper.event.executor.asm.generated.GeneratedEventExecutor112.execute(Unknown Source) ~[?:?]
	at org.bukkit.plugin.EventExecutor$2.execute(EventExecutor.java:70) ~[patched_1.12.2.jar:git-Paper-1620]
	... 26 more
[00:12:17] [Server thread/ERROR]: Could not pass event EntityDamageByEntityEvent to RealMaces v1.0
org.bukkit.event.EventException: null
	at org.bukkit.plugin.EventExecutor$2.execute(EventExecutor.java:72) ~[patched_1.12.2.jar:git-Paper-1620]
	at co.aikar.timings.TimedEventExecutor.execute(TimedEventExecutor.java:78) ~[patched_1.12.2.jar:git-Paper-1620]
	at org.bukkit.plugin.RegisteredListener.callEvent(RegisteredListener.java:62) ~[patched_1.12.2.jar:git-Paper-1620]
	at org.bukkit.plugin.SimplePluginManager.callEvent(SimplePluginManager.java:513) ~[patched_1.12.2.jar:git-Paper-1620]
	at org.bukkit.craftbukkit.v1_12_R1.event.CraftEventFactory.callEvent(CraftEventFactory.java:94) ~[patched_1.12.2.jar:git-Paper-1620]
	at org.bukkit.craftbukkit.v1_12_R1.event.CraftEventFactory.callEntityDamageEvent(CraftEventFactory.java:620) ~[patched_1.12.2.jar:git-Paper-1620]
	at org.bukkit.craftbukkit.v1_12_R1.event.CraftEventFactory.handleEntityDamageEvent(CraftEventFactory.java:523) ~[patched_1.12.2.jar:git-Paper-1620]
	at org.bukkit.craftbukkit.v1_12_R1.event.CraftEventFactory.handleLivingEntityDamageEvent(CraftEventFactory.java:652) ~[patched_1.12.2.jar:git-Paper-1620]
	at net.minecraft.server.v1_12_R1.EntityLiving.damageEntity0(EntityLiving.java:1415) ~[patched_1.12.2.jar:git-Paper-1620]
	at net.minecraft.server.v1_12_R1.EntityHuman.damageEntity0(EntityHuman.java:860) ~[patched_1.12.2.jar:git-Paper-1620]
	at net.minecraft.server.v1_12_R1.EntityLiving.damageEntity(EntityLiving.java:888) ~[patched_1.12.2.jar:git-Paper-1620]
	at net.minecraft.server.v1_12_R1.EntityHuman.damageEntity(EntityHuman.java:773) ~[patched_1.12.2.jar:git-Paper-1620]
	at net.minecraft.server.v1_12_R1.EntityPlayer.damageEntity(EntityPlayer.java:629) ~[patched_1.12.2.jar:git-Paper-1620]
	at net.minecraft.server.v1_12_R1.EntityHuman.attack(EntityHuman.java:1028) ~[patched_1.12.2.jar:git-Paper-1620]
	at net.minecraft.server.v1_12_R1.EntityPlayer.attack(EntityPlayer.java:1397) ~[patched_1.12.2.jar:git-Paper-1620]
	at net.minecraft.server.v1_12_R1.PlayerConnection.a(PlayerConnection.java:1724) ~[patched_1.12.2.jar:git-Paper-1620]
	at net.minecraft.server.v1_12_R1.PacketPlayInUseEntity.a(PacketPlayInUseEntity.java:49) ~[patched_1.12.2.jar:git-Paper-1620]
	at net.minecraft.server.v1_12_R1.PacketPlayInUseEntity.a(PacketPlayInUseEntity.java:6) ~[patched_1.12.2.jar:git-Paper-1620]
	at net.minecraft.server.v1_12_R1.PlayerConnectionUtils.lambda$ensureMainThread$0(PlayerConnectionUtils.java:14) ~[patched_1.12.2.jar:git-Paper-1620]
	at java.util.concurrent.Executors$RunnableAdapter.call(Executors.java:572) ~[?:?]
	at java.util.concurrent.FutureTask.run(FutureTask.java:317) ~[?:?]
	at net.minecraft.server.v1_12_R1.SystemUtils.a(SourceFile:46) ~[patched_1.12.2.jar:git-Paper-1620]
	at net.minecraft.server.v1_12_R1.MinecraftServer.D(MinecraftServer.java:850) ~[patched_1.12.2.jar:git-Paper-1620]
	at net.minecraft.server.v1_12_R1.DedicatedServer.D(DedicatedServer.java:423) ~[patched_1.12.2.jar:git-Paper-1620]
	at net.minecraft.server.v1_12_R1.MinecraftServer.C(MinecraftServer.java:774) ~[patched_1.12.2.jar:git-Paper-1620]
	at net.minecraft.server.v1_12_R1.MinecraftServer.run(MinecraftServer.java:666) ~[patched_1.12.2.jar:git-Paper-1620]
	at java.lang.Thread.run(Thread.java:1583) [?:?]
Caused by: java.lang.IllegalArgumentException: x not finite
	at org.bukkit.util.NumberConversions.checkFinite(NumberConversions.java:115) ~[patched_1.12.2.jar:git-Paper-1620]
	at org.bukkit.util.Vector.checkFinite(Vector.java:624) ~[patched_1.12.2.jar:git-Paper-1620]
	at org.bukkit.craftbukkit.v1_12_R1.entity.CraftEntity.setVelocity(CraftEntity.java:249) ~[patched_1.12.2.jar:git-Paper-1620]
	at com.realmaces.MaceListener.tntStyleBlast(MaceListener.java:121) ~[?:?]
	at com.realmaces.MaceListener.onEntityDamageByEntity(MaceListener.java:93) ~[?:?]
	at com.destroystokyo.paper.event.executor.asm.generated.GeneratedEventExecutor112.execute(Unknown Source) ~[?:?]
	at org.bukkit.plugin.EventExecutor$2.execute(EventExecutor.java:70) ~[patched_1.12.2.jar:git-Paper-1620]
	... 26 more
[00:12:19] [Server thread/ERROR]: Could not pass event EntityDamageByEntityEvent to RealMaces v1.0
org.bukkit.event.EventException: null
	at org.bukkit.plugin.EventExecutor$2.execute(EventExecutor.java:72) ~[patched_1.12.2.jar:git-Paper-1620]
	at co.aikar.timings.TimedEventExecutor.execute(TimedEventExecutor.java:78) ~[patched_1.12.2.jar:git-Paper-1620]
	at org.bukkit.plugin.RegisteredListener.callEvent(RegisteredListener.java:62) ~[patched_1.12.2.jar:git-Paper-1620]
	at org.bukkit.plugin.SimplePluginManager.callEvent(SimplePluginManager.java:513) ~[patched_1.12.2.jar:git-Paper-1620]
	at org.bukkit.craftbukkit.v1_12_R1.event.CraftEventFactory.callEvent(CraftEventFactory.java:94) ~[patched_1.12.2.jar:git-Paper-1620]
	at org.bukkit.craftbukkit.v1_12_R1.event.CraftEventFactory.callEntityDamageEvent(CraftEventFactory.java:620) ~[patched_1.12.2.jar:git-Paper-1620]
	at org.bukkit.craftbukkit.v1_12_R1.event.CraftEventFactory.handleEntityDamageEvent(CraftEventFactory.java:523) ~[patched_1.12.2.jar:git-Paper-1620]
	at org.bukkit.craftbukkit.v1_12_R1.event.CraftEventFactory.handleLivingEntityDamageEvent(CraftEventFactory.java:652) ~[patched_1.12.2.jar:git-Paper-1620]
	at net.minecraft.server.v1_12_R1.EntityLiving.damageEntity0(EntityLiving.java:1415) ~[patched_1.12.2.jar:git-Paper-1620]
	at net.minecraft.server.v1_12_R1.EntityHuman.damageEntity0(EntityHuman.java:860) ~[patched_1.12.2.jar:git-Paper-1620]
	at net.minecraft.server.v1_12_R1.EntityLiving.damageEntity(EntityLiving.java:888) ~[patched_1.12.2.jar:git-Paper-1620]
	at net.minecraft.server.v1_12_R1.EntityHuman.damageEntity(EntityHuman.java:773) ~[patched_1.12.2.jar:git-Paper-1620]
	at net.minecraft.server.v1_12_R1.EntityPlayer.damageEntity(EntityPlayer.java:629) ~[patched_1.12.2.jar:git-Paper-1620]
	at net.minecraft.server.v1_12_R1.EntityHuman.attack(EntityHuman.java:1028) ~[patched_1.12.2.jar:git-Paper-1620]
	at net.minecraft.server.v1_12_R1.EntityPlayer.attack(EntityPlayer.java:1397) ~[patched_1.12.2.jar:git-Paper-1620]
	at net.minecraft.server.v1_12_R1.PlayerConnection.a(PlayerConnection.java:1724) ~[patched_1.12.2.jar:git-Paper-1620]
	at net.minecraft.server.v1_12_R1.PacketPlayInUseEntity.a(PacketPlayInUseEntity.java:49) ~[patched_1.12.2.jar:git-Paper-1620]
	at net.minecraft.server.v1_12_R1.PacketPlayInUseEntity.a(PacketPlayInUseEntity.java:6) ~[patched_1.12.2.jar:git-Paper-1620]
	at net.minecraft.server.v1_12_R1.PlayerConnectionUtils.lambda$ensureMainThread$0(PlayerConnectionUtils.java:14) ~[patched_1.12.2.jar:git-Paper-1620]
	at java.util.concurrent.Executors$RunnableAdapter.call(Executors.java:572) ~[?:?]
	at java.util.concurrent.FutureTask.run(FutureTask.java:317) ~[?:?]
	at net.minecraft.server.v1_12_R1.SystemUtils.a(SourceFile:46) ~[patched_1.12.2.jar:git-Paper-1620]
	at net.minecraft.server.v1_12_R1.MinecraftServer.D(MinecraftServer.java:850) ~[patched_1.12.2.jar:git-Paper-1620]
	at net.minecraft.server.v1_12_R1.DedicatedServer.D(DedicatedServer.java:423) ~[patched_1.12.2.jar:git-Paper-1620]
	at net.minecraft.server.v1_12_R1.MinecraftServer.C(MinecraftServer.java:774) ~[patched_1.12.2.jar:git-Paper-1620]
	at net.minecraft.server.v1_12_R1.MinecraftServer.run(MinecraftServer.java:666) ~[patched_1.12.2.jar:git-Paper-1620]
	at java.lang.Thread.run(Thread.java:1583) [?:?]
Caused by: java.lang.IllegalArgumentException: x not finite
	at org.bukkit.util.NumberConversions.checkFinite(NumberConversions.java:115) ~[patched_1.12.2.jar:git-Paper-1620]
	at org.bukkit.util.Vector.checkFinite(Vector.java:624) ~[patched_1.12.2.jar:git-Paper-1620]
	at org.bukkit.craftbukkit.v1_12_R1.entity.CraftEntity.setVelocity(CraftEntity.java:249) ~[patched_1.12.2.jar:git-Paper-1620]
	at com.realmaces.MaceListener.tntStyleBlast(MaceListener.java:121) ~[?:?]
	at com.realmaces.MaceListener.onEntityDamageByEntity(MaceListener.java:93) ~[?:?]
	at com.destroystokyo.paper.event.executor.asm.generated.GeneratedEventExecutor112.execute(Unknown Source) ~[?:?]
	at org.bukkit.plugin.EventExecutor$2.execute(EventExecutor.java:70) ~[patched_1.12.2.jar:git-Paper-1620]
	... 26 more
[00:12:21] [Server thread/ERROR]: Could not pass event EntityDamageByEntityEvent to RealMaces v1.0
org.bukkit.event.EventException: null
	at org.bukkit.plugin.EventExecutor$2.execute(EventExecutor.java:72) ~[patched_1.12.2.jar:git-Paper-1620]
	at co.aikar.timings.TimedEventExecutor.execute(TimedEventExecutor.java:78) ~[patched_1.12.2.jar:git-Paper-1620]
	at org.bukkit.plugin.RegisteredListener.callEvent(RegisteredListener.java:62) ~[patched_1.12.2.jar:git-Paper-1620]
	at org.bukkit.plugin.SimplePluginManager.callEvent(SimplePluginManager.java:513) ~[patched_1.12.2.jar:git-Paper-1620]
	at org.bukkit.craftbukkit.v1_12_R1.event.CraftEventFactory.callEvent(CraftEventFactory.java:94) ~[patched_1.12.2.jar:git-Paper-1620]
	at org.bukkit.craftbukkit.v1_12_R1.event.CraftEventFactory.callEntityDamageEvent(CraftEventFactory.java:620) ~[patched_1.12.2.jar:git-Paper-1620]
	at org.bukkit.craftbukkit.v1_12_R1.event.CraftEventFactory.handleEntityDamageEvent(CraftEventFactory.java:523) ~[patched_1.12.2.jar:git-Paper-1620]
	at org.bukkit.craftbukkit.v1_12_R1.event.CraftEventFactory.handleLivingEntityDamageEvent(CraftEventFactory.java:652) ~[patched_1.12.2.jar:git-Paper-1620]
	at net.minecraft.server.v1_12_R1.EntityLiving.damageEntity0(EntityLiving.java:1415) ~[patched_1.12.2.jar:git-Paper-1620]
	at net.minecraft.server.v1_12_R1.EntityHuman.damageEntity0(EntityHuman.java:860) ~[patched_1.12.2.jar:git-Paper-1620]
	at net.minecraft.server.v1_12_R1.EntityLiving.damageEntity(EntityLiving.java:888) ~[patched_1.12.2.jar:git-Paper-1620]
	at net.minecraft.server.v1_12_R1.EntityHuman.damageEntity(EntityHuman.java:773) ~[patched_1.12.2.jar:git-Paper-1620]
	at net.minecraft.server.v1_12_R1.EntityPlayer.damageEntity(EntityPlayer.java:629) ~[patched_1.12.2.jar:git-Paper-1620]
	at net.minecraft.server.v1_12_R1.EntityHuman.attack(EntityHuman.java:1028) ~[patched_1.12.2.jar:git-Paper-1620]
	at net.minecraft.server.v1_12_R1.EntityPlayer.attack(EntityPlayer.java:1397) ~[patched_1.12.2.jar:git-Paper-1620]
	at net.minecraft.server.v1_12_R1.PlayerConnection.a(PlayerConnection.java:1724) ~[patched_1.12.2.jar:git-Paper-1620]
	at net.minecraft.server.v1_12_R1.PacketPlayInUseEntity.a(PacketPlayInUseEntity.java:49) ~[patched_1.12.2.jar:git-Paper-1620]
	at net.minecraft.server.v1_12_R1.PacketPlayInUseEntity.a(PacketPlayInUseEntity.java:6) ~[patched_1.12.2.jar:git-Paper-1620]
	at net.minecraft.server.v1_12_R1.PlayerConnectionUtils.lambda$ensureMainThread$0(PlayerConnectionUtils.java:14) ~[patched_1.12.2.jar:git-Paper-1620]
	at java.util.concurrent.Executors$RunnableAdapter.call(Executors.java:572) ~[?:?]
	at java.util.concurrent.FutureTask.run(FutureTask.java:317) ~[?:?]
	at net.minecraft.server.v1_12_R1.SystemUtils.a(SourceFile:46) ~[patched_1.12.2.jar:git-Paper-1620]
	at net.minecraft.server.v1_12_R1.MinecraftServer.D(MinecraftServer.java:850) ~[patched_1.12.2.jar:git-Paper-1620]
	at net.minecraft.server.v1_12_R1.DedicatedServer.D(DedicatedServer.java:423) ~[patched_1.12.2.jar:git-Paper-1620]
	at net.minecraft.server.v1_12_R1.MinecraftServer.C(MinecraftServer.java:774) ~[patched_1.12.2.jar:git-Paper-1620]
	at net.minecraft.server.v1_12_R1.MinecraftServer.run(MinecraftServer.java:666) ~[patched_1.12.2.jar:git-Paper-1620]
	at java.lang.Thread.run(Thread.java:1583) [?:?]
Caused by: java.lang.IllegalArgumentException: x not finite
	at org.bukkit.util.NumberConversions.checkFinite(NumberConversions.java:115) ~[patched_1.12.2.jar:git-Paper-1620]
	at org.bukkit.util.Vector.checkFinite(Vector.java:624) ~[patched_1.12.2.jar:git-Paper-1620]
	at org.bukkit.craftbukkit.v1_12_R1.entity.CraftEntity.setVelocity(CraftEntity.java:249) ~[patched_1.12.2.jar:git-Paper-1620]
	at com.realmaces.MaceListener.tntStyleBlast(MaceListener.java:121) ~[?:?]
	at com.realmaces.MaceListener.onEntityDamageByEntity(MaceListener.java:93) ~[?:?]
	at com.destroystokyo.paper.event.executor.asm.generated.GeneratedEventExecutor112.execute(Unknown Source) ~[?:?]
	at org.bukkit.plugin.EventExecutor$2.execute(EventExecutor.java:70) ~[patched_1.12.2.jar:git-Paper-1620]
	... 26 more
[00:12:29] [Server thread/INFO]: hadeel fell from a high place
[00:12:31] [Server thread/INFO]: [um]<Verified Mapicc_> hahah
[00:12:40] [Server thread/INFO]: [um]<hadeel> shut up hamza
[00:12:46] [Server thread/INFO]: [um]<OWNER WemmbuTHE ADMIN> LOL
[00:12:52] [Server thread/INFO]: [um]<Verified Mapicc_> how
[00:13:09] [User Authenticator #4/INFO]: UUID of player rw4 is 3e54b472-4830-3bba-86eb-59acffcbc28d
[00:13:09] [Server thread/INFO]: [um]<hadeel> i thought it was a good idea
[00:13:09] [Server thread/INFO]: rw4[/127.0.0.1:33498] logged in with entity id 5286 at ([um]9765.619742892752, 238.0, 9786.376606314947)
[00:13:28] [Server thread/INFO]: [um]<hadeel> but hamza is mad im smarter then him
[00:13:30] [Server thread/INFO]: [um]<Verified rw4> i did it
[00:13:49] [Server thread/INFO]: [um]<Verified Mapicc_> ham
[00:13:51] [Server thread/INFO]: [um]<Verified rw4> also i got my own skin didnt like the ones on the list
[00:14:00] [Server thread/INFO]: rw4 issued server command: /tpa Mapicc_
[00:14:06] [Server thread/INFO]: Mapicc_ issued server command: /tpaccept
[00:14:10] [Server thread/INFO]: Mapicc_ issued server command: /home Mapicc
[00:14:11] [Craft Scheduler Thread - 63/INFO]: Mapicc_
[00:14:11] [Craft Scheduler Thread - 64/INFO]: Mapicc_
[00:14:16] [Server thread/INFO]: [um]<Verified rw4> hiii
[00:14:17] [Server thread/INFO]: rw4 fell from a high place
[00:14:22] [Server thread/INFO]: rw4 issued server command: /home
[00:14:25] [Server thread/INFO]: Mapicc_ issued server command: /home Mapicc
[00:14:29] [Server thread/INFO]: [um]<Verified Mapicc_> hahha
[00:14:30] [Craft Scheduler Thread - 65/INFO]: Mapicc
[00:14:30] [Craft Scheduler Thread - 64/INFO]: Mapicc
[00:15:07] [Server thread/INFO]: rw4 lost connection: Disconnected
[00:15:08] [Server thread/INFO]: rw4 left the game
[00:15:38] [Server thread/INFO]: [um]<OWNER WemmbuTHE ADMIN> brb gangy im going somwhere
[00:15:51] [Server thread/INFO]: [um]<OWNER WemmbuTHE ADMIN> to get a monitor for my pc:D
[00:15:54] [Server thread/INFO]: Wemmbu lost connection: Disconnected
[00:15:54] [Server thread/INFO]: Wemmbu left the game
[00:16:50] [Server thread/INFO]: Mapicc_ issued server command: /shop
[00:17:15] [Server thread/INFO]: [um]<hadeel> Hamza left to go to costco
[00:17:15] [Server thread/INFO]: Shop >> Mapicc_ bought 11 x Concrete(Blocks.page1.items.33) for $88.11 with the buy screen.
[00:17:22] [Server thread/INFO]: Mapicc_ lost connection: Disconnected
[00:17:22] [Server thread/INFO]: Mapicc_ left the game
[00:17:27] [Server thread/INFO]: hadeel lost connection: Disconnected
[00:17:28] [Server thread/INFO]: hadeel left the game
[00:17:28] [User Authenticator #5/INFO]: UUID of player Mapicc_ is 155f3f57-a945-3584-815b-8098efb04320
[00:17:28] [TAB Processing Thread/INFO]: [TAB] [WARN] Player Mapicc_'s group (verified) is not in sorting list! Sorting list: owner,admin,mod,helper,builder,vip,default. Player will be sorted on the bottom.
[00:17:29] [Server thread/INFO]: Mapicc_[/127.0.0.1:38722] logged in with entity id 6653 at ([um]9351.574273853183, 103.0, 1054.533159043562)
[00:17:43] [Server thread/INFO]: Mapicc_ lost connection: Disconnected
[00:17:43] [Server thread/INFO]: Mapicc_ left the game
[00:19:19] [User Authenticator #6/INFO]: UUID of player Manepear is 48d5a1b4-fc5f-3b3f-a09a-1f050adee0dc
[00:19:19] [TAB Processing Thread/INFO]: [TAB] [WARN] Player Manepear's group (verified) is not in sorting list! Sorting list: owner,admin,mod,helper,builder,vip,default. Player will be sorted on the bottom.
[00:19:19] [Server thread/INFO]: Manepear[/127.0.0.1:51722] logged in with entity id 6664 at ([um]9393.678789855909, 90.0, 1030.7244855428917)
[00:23:21] [User Authenticator #7/INFO]: UUID of player rw4 is 3e54b472-4830-3bba-86eb-59acffcbc28d
[00:23:21] [Server thread/INFO]: rw4[/127.0.0.1:32858] logged in with entity id 6791 at ([um]-200.15360928953433, 64.0625, 252.6116232413962)
[00:23:34] [Server thread/INFO]: rw4 issued server command: /home
[00:23:39] [Craft Scheduler Thread - 84/INFO]: Castle
[00:23:39] [Craft Scheduler Thread - 84/INFO]: Castle
[00:24:30] [Server thread/INFO]: rw4 lost connection: Disconnected
[00:24:30] [Server thread/INFO]: rw4 left the game
[00:24:46] [User Authenticator #8/INFO]: UUID of player rw4 is 3e54b472-4830-3bba-86eb-59acffcbc28d
[00:24:46] [Server thread/INFO]: rw4[/127.0.0.1:58882] logged in with entity id 6873 at ([um]9352.21579277911, 130.0625, 1041.9041648017317)
[00:25:27] [Server thread/INFO]: rw4 issued server command: /tpa Manepear''
[00:25:32] [Server thread/INFO]: rw4 issued server command: /tpa manepear
[00:25:54] [Server thread/INFO]: rw4 issued server command: /shop
[00:26:05] [Server thread/INFO]: Manepear issued server command: /tpaccept
[00:26:12] [Server thread/INFO]: rw4 issued server command: /SHOP
[00:26:30] [Server thread/INFO]: rw4 issued server command: /Tpa manepear
[00:26:32] [Server thread/INFO]: Manepear issued server command: /tpaccept
[00:26:37] [Craft Scheduler Thread - 78/INFO]: manepear
[00:26:37] [Craft Scheduler Thread - 78/INFO]: manepear
[00:26:47] [Server thread/INFO]: [um]<Verified Manepear> wth
[00:27:01] [Server thread/INFO]: [um]<Verified Manepear> what are u
[00:27:12] [Server thread/INFO]: [um]<Verified rw4> can ya see me
[00:27:12] [Server thread/INFO]: rw4 was slain by Manepear
[00:27:15] [Server thread/INFO]: [um]<Verified Manepear> mb
[00:27:16] [Server thread/INFO]: rw4 issued server command: /home
[00:27:19] [Server thread/INFO]: [um]<Verified Manepear> yea
[00:27:21] [Craft Scheduler Thread - 78/INFO]: Castle
[00:27:22] [Craft Scheduler Thread - 80/INFO]: Castle
[00:27:24] [Server thread/INFO]: [um]<Verified rw4> what i look like
[00:27:38] [Server thread/INFO]: [um]<Verified Manepear> a black rectangle
[00:27:43] [Server thread/INFO]: [um]<Verified Manepear> do / back
[00:27:46] [Server thread/INFO]: rw4 lost connection: Disconnected
[00:27:46] [Server thread/INFO]: rw4 left the game
[00:27:58] [User Authenticator #9/INFO]: UUID of player rw4 is 3e54b472-4830-3bba-86eb-59acffcbc28d
[00:27:58] [Server thread/INFO]: rw4[/127.0.0.1:50342] logged in with entity id 6980 at ([um]9353.748234940223, 130.0, 1036.6068524935042)
[00:28:13] [Server thread/INFO]: [um]<Verified Manepear> do /back to get your heart
[00:28:15] [Server thread/INFO]: rw4 issued server command: /tpa Manepear
[00:28:19] [Server thread/INFO]: Manepear issued server command: /tpaccept
[00:28:22] [Server thread/INFO]: [um]<Verified Manepear> nvm
[00:28:27] [Server thread/INFO]: [um]<Verified rw4> what
[00:28:34] [Server thread/INFO]: [um]<Verified Manepear> just tp to me
[00:28:52] [Server thread/INFO]: [um]<Verified Manepear> btw how many hearts do u have
[00:28:57] [Server thread/INFO]: [um]<Verified Manepear> mario
[00:28:58] [Server thread/INFO]: [um]<Verified rw4> 8
[00:29:23] [Server thread/INFO]: [um]<Verified rw4> like my skin?
[00:29:34] [Server thread/INFO]: [um]<Verified Manepear> yea
[00:29:40] [Server thread/INFO]: [um]<Verified rw4> brb
[00:29:41] [Server thread/INFO]: rw4 lost connection: Disconnected
[00:29:41] [Server thread/INFO]: rw4 left the game
[00:29:53] [User Authenticator #10/INFO]: UUID of player rw4 is 3e54b472-4830-3bba-86eb-59acffcbc28d
[00:29:53] [Server thread/INFO]: rw4[/127.0.0.1:41962] logged in with entity id 7039 at ([um]9351.883858902534, 114.0, 1009.2591128142232)
[00:29:56] [Server thread/INFO]: Manepear issued server command: /sellhand all
[00:30:02] [Server thread/INFO]: [um]<Verified Manepear> btw here
[00:30:15] [Server thread/INFO]: Manepear issued server command: /sellall hand
[00:30:15] [Server thread/INFO]: Shop >> Manepear sold 32 x Diamond Block(Ores.page1.items.4) for $15,876.16 with the sell all command.
[00:30:27] [Server thread/INFO]: [um]<Verified rw4> pants
[00:30:33] [Server thread/INFO]: [um]<Verified Manepear> i have none
[00:30:39] [Server thread/INFO]: [um]<Verified Manepear> hold up
[00:30:45] [User Authenticator #10/INFO]: UUID of player Mapicc_ is 155f3f57-a945-3584-815b-8098efb04320
[00:30:45] [TAB Processing Thread/INFO]: [TAB] [WARN] Player Mapicc_'s group (verified) is not in sorting list! Sorting list: owner,admin,mod,helper,builder,vip,default. Player will be sorted on the bottom.
[00:30:45] [Server thread/INFO]: Mapicc_[/127.0.0.1:55256] logged in with entity id 7053 at ([um]9351.574273853183, 103.0, 1054.533159043562)
[00:30:50] [Server thread/INFO]: [um]<Verified rw4> where even is treyvaughn?
[00:30:56] [Server thread/INFO]: [um]<Verified Mapicc_> here
[00:31:05] [Server thread/INFO]: [um]<Verified Manepear> there
[00:31:10] [Server thread/INFO]: [um]<Verified rw4> where were you?
[00:31:13] [Server thread/INFO]: [um]<Verified Manepear> here
[00:31:17] [Server thread/INFO]: [um]<Verified Mapicc_> bathing
[00:31:19] [Server thread/INFO]: [um]<Verified rw4> thanks
[00:31:24] [Server thread/INFO]: [um]<Verified Manepear> lying
[00:31:24] [Server thread/INFO]: [um]<Verified rw4> pause aypo
[00:31:32] [Server thread/INFO]: [um]<Verified Manepear> he in the living room
[00:31:35] [Server thread/INFO]: Manepear lost connection: Disconnected
[00:31:35] [Server thread/INFO]: Manepear left the game
[00:31:42] [Server thread/INFO]: rw4 lost connection: Disconnected
[00:31:42] [Server thread/INFO]: rw4 left the game
[00:32:01] [User Authenticator #11/INFO]: UUID of player Manepear is 48d5a1b4-fc5f-3b3f-a09a-1f050adee0dc
[00:32:01] [TAB Processing Thread/INFO]: [TAB] [WARN] Player Manepear's group (verified) is not in sorting list! Sorting list: owner,admin,mod,helper,builder,vip,default. Player will be sorted on the bottom.
[00:32:01] [Server thread/INFO]: Manepear[/127.0.0.1:45356] logged in with entity id 7175 at ([um]9352.699999988079, 119.0, 1019.6003368640011)
[00:33:50] [User Authenticator #12/INFO]: UUID of player rw4 is 3e54b472-4830-3bba-86eb-59acffcbc28d
[00:33:51] [Server thread/INFO]: rw4[/127.0.0.1:58648] logged in with entity id 7228 at ([um]9352.508830022798, 114.0, 1008.0780335926707)
[00:33:52] [Server thread/INFO]: Manepear issued server command: /breath sun
[00:33:58] [Server thread/INFO]: Mapicc_ lost connection: Disconnected
[00:33:58] [Server thread/INFO]: Mapicc_ left the game
[00:34:01] [Server thread/INFO]: [um]<Verified Manepear> why is gojo here
[00:34:08] [Server thread/INFO]: [um]<Verified rw4> why not
[00:34:09] [Server thread/INFO]: [um]<Verified Manepear> u know what
[00:34:11] [Server thread/INFO]: [um]<Verified rw4> hehehe
[00:34:19] [Server thread/INFO]: [um]<Verified Manepear> world cutting slash
[00:34:20] [Server thread/INFO]: [um]<Verified rw4> i can become anyone
[00:34:22] [Server thread/INFO]: rw4 was slain by Manepear
[00:34:25] [Server thread/INFO]: [um]<Verified Manepear> hahhaha
[00:34:27] [Server thread/INFO]: rw4 issued server command: /home
[00:34:31] [Server thread/INFO]: [um]<Verified Manepear> i'm sunna
[00:34:32] [Craft Scheduler Thread - 107/INFO]: Castle
[00:34:32] [Craft Scheduler Thread - 102/INFO]: Castle
[00:34:41] [Server thread/INFO]: [um]<Verified Manepear> do /back
[00:34:46] [Server thread/INFO]: Manepear issued server command: /kit
[00:34:47] [Server thread/INFO]: [PlayerKits] Sound Name: BLOCK_NOTE_BLOCK_PLING is not valid. Change it in the config!
[00:34:50] [Server thread/INFO]: rw4 issued server command: /shop
[00:34:55] [Server thread/INFO]: rw4 issued server command: /back
[00:35:03] [Server thread/INFO]: rw4 issued server command: /back
[00:35:08] [Craft Scheduler Thread - 105/INFO]: Last Location
[00:35:08] [Craft Scheduler Thread - 107/INFO]: Last Location
[00:35:28] [Server thread/INFO]: Manepear issued server command: /kit
[00:35:29] [Server thread/INFO]: [PlayerKits] Sound Name: BLOCK_NOTE_BLOCK_PLING is not valid. Change it in the config!
[00:36:02] [Server thread/INFO]: rw4 issued server command: /shop
[00:36:14] [Server thread/INFO]: Shop >> rw4 bought 1 x Enchanted Book(Enchanting.page1.items.29) for $441.00 with the buy screen.
[00:36:31] [Server thread/INFO]: rw4 lost connection: Disconnected
[00:36:31] [Server thread/INFO]: rw4 left the game
[00:37:03] [Server thread/INFO]: Manepear issued server command: /shop
[00:37:25] [Server thread/INFO]: Manepear issued server command: /shop
[00:37:30] [Server thread/INFO]: Shop >> Manepear bought 64 x Leather(Farming.page1.items.9) for $2,150.40 with the buy stacks screen.
[00:37:38] [User Authenticator #13/INFO]: UUID of player Mapicc_ is 155f3f57-a945-3584-815b-8098efb04320
[00:37:38] [TAB Processing Thread/INFO]: [TAB] [WARN] Player Mapicc_'s group (verified) is not in sorting list! Sorting list: owner,admin,mod,helper,builder,vip,default. Player will be sorted on the bottom.
[00:37:38] [Server thread/INFO]: Mapicc_[/127.0.0.1:47032] logged in with entity id 7394 at ([um]9351.698108554121, 128.0, 1004.055543134413)
[00:37:41] [Server thread/INFO]: Manepear issued server command: /shop
[00:37:49] [Server thread/INFO]: Manepear issued server command: /shop
[00:37:54] [Server thread/INFO]: Mapicc_ issued server command: /home Mapicc
[00:37:56] [User Authenticator #13/INFO]: UUID of player rw4 is 3e54b472-4830-3bba-86eb-59acffcbc28d
[00:37:56] [Server thread/INFO]: rw4[/127.0.0.1:57544] logged in with entity id 7401 at ([um]9351.605802506892, 130.0625, 1041.7366308353244)
[00:37:58] [Server thread/INFO]: Shop >> Manepear bought 10 x Sugar Cane(Farming.page1.items.18) for $1.00 with the buy screen.
[00:37:59] [Craft Scheduler Thread - 100/INFO]: Mapicc
[00:37:59] [Craft Scheduler Thread - 114/INFO]: Mapicc
[00:38:17] [Server thread/INFO]: rw4 issued server command: /shop
[00:38:37] [Server thread/INFO]: Manepear issued server command: /shop
[00:38:44] [Server thread/INFO]: Shop >> Manepear bought 64 x Wood(Blocks.page3.items.94) for $71.04 with the buy stacks screen.
[00:39:28] [Server thread/INFO]: Mapicc_ lost connection: Disconnected
[00:39:28] [Server thread/INFO]: Mapicc_ left the game
[00:39:29] [Server thread/INFO]: rw4 lost connection: Disconnected
[00:39:29] [Server thread/INFO]: rw4 left the game
[00:39:30] [Server thread/INFO]: Manepear lost connection: Disconnected
[00:39:30] [Server thread/INFO]: Manepear left the game
[00:40:22] [User Authenticator #14/INFO]: UUID of player rw4 is 3e54b472-4830-3bba-86eb-59acffcbc28d
[00:40:22] [Server thread/INFO]: rw4[/127.0.0.1:56672] logged in with entity id 7455 at ([um]9353.685093313083, 130.0, 1042.512499988079)
[00:40:26] [User Authenticator #14/INFO]: UUID of player Manepear is 48d5a1b4-fc5f-3b3f-a09a-1f050adee0dc
[00:40:27] [TAB Processing Thread/INFO]: [TAB] [WARN] Player Manepear's group (verified) is not in sorting list! Sorting list: owner,admin,mod,helper,builder,vip,default. Player will be sorted on the bottom.
[00:40:27] [Server thread/INFO]: Manepear[/127.0.0.1:49222] logged in with entity id 7502 at ([um]9352.707161441029, 114.0, 1013.7627949611818)
[00:40:42] [Server thread/INFO]: rw4 lost connection: Disconnected
[00:40:42] [Server thread/INFO]: rw4 left the game
[00:40:48] [User Authenticator #14/INFO]: UUID of player Mapicc_ is 155f3f57-a945-3584-815b-8098efb04320
[00:40:48] [TAB Processing Thread/INFO]: [TAB] [WARN] Player Mapicc_'s group (verified) is not in sorting list! Sorting list: owner,admin,mod,helper,builder,vip,default. Player will be sorted on the bottom.
[00:40:48] [Server thread/INFO]: Mapicc_[/127.0.0.1:42590] logged in with entity id 7514 at ([um]9355.594540312568, 103.5625, 1057.9961678112413)
[00:41:42] [User Authenticator #14/INFO]: UUID of player rw4 is 3e54b472-4830-3bba-86eb-59acffcbc28d
[00:41:42] [Server thread/INFO]: rw4[/127.0.0.1:42196] logged in with entity id 7524 at ([um]9352.047860549006, 130.0, 1042.512499988079)
[00:41:49] [Server thread/INFO]: [um]<Verified Mapicc_> alex tp to me
[00:41:50] [Server thread/INFO]: rw4 issued server command: /shop
[00:41:51] [Server thread/INFO]: [um]<Verified Mapicc_> rq
[00:41:55] [Server thread/INFO]: [um]<Verified rw4> my internet
[00:41:58] [Server thread/INFO]: [um]<Verified rw4> sucks today
[00:42:05] [Server thread/INFO]: [um]<Verified Mapicc_> hahahhahaha now tp
[00:42:12] [Server thread/INFO]: rw4 issued server command: /tpa Mapicc_
[00:42:16] [Server thread/INFO]: Mapicc_ issued server command: /tpaccept
[00:42:17] [Server thread/INFO]: rw4 issued server command: /shop
[00:42:21] [Craft Scheduler Thread - 116/INFO]: Mapicc_
[00:42:21] [Craft Scheduler Thread - 116/INFO]: Mapicc_
[00:42:27] [Server thread/INFO]: rw4 issued server command: /shop
[00:42:28] [Server thread/INFO]: [um]<Verified Mapicc_> tell me if I claimed it
[00:42:36] [Server thread/INFO]: Manepear issued server command: /shop
[00:42:45] [Server thread/INFO]: Shop >> rw4 bought 1 x Enchanted Book(Enchanting.page1.items.18) for $160.00 with the buy screen.
[00:42:45] [Server thread/INFO]: Shop >> Manepear bought 1 x Flower Pot Item(Decoration.page1.items.1) for $69.46 with the buy screen.
[00:42:50] [Server thread/INFO]: Shop >> rw4 bought 1 x Enchanted Book(Enchanting.page1.items.6) for $972.41 with the buy screen.
[00:42:57] [Server thread/INFO]: [um]<Verified Mapicc_> did i
[00:43:00] [Server thread/INFO]: Manepear issued server command: /tpa Mapicc_
[00:43:01] [Server thread/INFO]: Shop >> rw4 bought 1 x Enchanted Book(Enchanting.page1.items.25) for $200.00 with the buy screen.
[00:43:03] [Server thread/INFO]: Mapicc_ issued server command: /tpaccept
[00:43:06] [Server thread/INFO]: [um]<Verified rw4> ?
[00:43:08] [Craft Scheduler Thread - 125/INFO]: Mapicc_
[00:43:08] [Craft Scheduler Thread - 127/INFO]: Mapicc_
[00:43:15] [Server thread/INFO]: [um]<Verified rw4> nope
[00:43:35] [Server thread/INFO]: [um]<Verified rw4> you could have done alot more with this space gng
[00:43:45] [Server thread/INFO]: [um]<Verified Mapicc_> ik not done yet
[00:44:29] [Server thread/INFO]: rw4 issued server command: /shop
[00:44:33] [Server thread/INFO]: [um]<Verified Mapicc_> alex
[00:44:43] [Server thread/INFO]: Shop >> rw4 bought 1 x Potion(Potions.page1.items.1) for $11.90 with the buy screen.
[00:44:44] [Server thread/INFO]: Shop >> rw4 bought 1 x Potion(Potions.page1.items.1) for $11.90 with the buy screen.
[00:45:02] [Server thread/INFO]: rw4 issued server command: /home
[00:45:07] [Craft Scheduler Thread - 129/INFO]: Castle
[00:45:07] [Craft Scheduler Thread - 126/INFO]: Castle
[00:45:31] [Server thread/INFO]: Manepear lost connection: Disconnected
[00:45:31] [Server thread/INFO]: Manepear left the game
[00:45:45] [Server thread/INFO]: rw4 issued server command: /shop
[00:45:58] [Server thread/INFO]: Shop >> rw4 bought 64 x Exp Bottle(Miscellaneous.page1.items.7) for $6,908.16 with the buy screen.
[00:45:59] [Server thread/INFO]: Shop >> rw4 bought 64 x Exp Bottle(Miscellaneous.page1.items.7) for $6,908.16 with the buy screen.
[00:46:00] [Server thread/INFO]: Shop >> rw4 bought 64 x Exp Bottle(Miscellaneous.page1.items.7) for $6,908.16 with the buy screen.
[00:46:01] [Server thread/INFO]: Shop >> rw4 bought 64 x Exp Bottle(Miscellaneous.page1.items.7) for $6,908.16 with the buy screen.
[00:46:39] [Server thread/INFO]: [um]<Verified Mapicc_> brb
[00:46:42] [Server thread/INFO]: Mapicc_ lost connection: Disconnected
[00:46:42] [Server thread/INFO]: Mapicc_ left the game
[00:47:18] [User Authenticator #15/INFO]: UUID of player Mapicc_ is 155f3f57-a945-3584-815b-8098efb04320
[00:47:18] [TAB Processing Thread/INFO]: [TAB] [WARN] Player Mapicc_'s group (verified) is not in sorting list! Sorting list: owner,admin,mod,helper,builder,vip,default. Player will be sorted on the bottom.
[00:47:18] [Server thread/INFO]: Mapicc_[/127.0.0.1:33102] logged in with entity id 7844 at ([um]9352.520653236272, 103.0, 1050.326127905923)
[00:47:29] [Server thread/INFO]: [um]<Verified Mapicc_> ima eat soon
[00:48:09] [Server thread/INFO]: Mapicc_ issued server command: /shop
[00:48:17] [Server thread/INFO]: Shop >> Mapicc_ bought 2 x Step(Blocks.page2.items.61) for $145.88 with the buy screen.
[00:48:23] [Server thread/INFO]: Shop >> Mapicc_ bought 4 x Quartz Stairs(Blocks.page2.items.62) for $583.48 with the buy screen.
[00:48:28] [Server thread/INFO]: Shop >> Mapicc_ bought 4 x Netherrack(Blocks.page2.items.49) for $0.80 with the buy screen.
[00:49:12] [Server thread/INFO]: Mapicc_ issued server command: /shop
[00:49:18] [Server thread/INFO]: Shop >> Mapicc_ bought 2 x Step(Blocks.page2.items.61) for $145.88 with the buy screen.
[00:49:37] [Server thread/INFO]: Mapicc_ issued server command: /shop
[00:49:41] [Server thread/INFO]: Shop >> Mapicc_ bought 1 x Iron Ingot(Ores.page1.items.10) for $21.00 with the buy screen.
[00:49:57] [Server thread/INFO]: Mapicc_ issued server command: /shop
[00:50:05] [Server thread/INFO]: Shop >> Mapicc_ bought 8 x Concrete(Blocks.page1.items.19) for $67.28 with the buy screen.
[00:50:11] [Server thread/INFO]: Shop >> Mapicc_ bought 4 x Step(Blocks.page2.items.61) for $291.76 with the buy screen.
[00:50:40] [Server thread/INFO]: Mapicc_ issued server command: /shop
[00:50:45] [Server thread/INFO]: Shop >> Mapicc_ bought 1 x Step(Blocks.page2.items.61) for $72.94 with the buy screen.
[00:51:58] [Server thread/INFO]: rw4 lost connection: Disconnected
[00:51:58] [Server thread/INFO]: rw4 left the game
[00:52:11] [User Authenticator #16/INFO]: UUID of player Manepear is 48d5a1b4-fc5f-3b3f-a09a-1f050adee0dc
[00:52:11] [TAB Processing Thread/INFO]: [TAB] [WARN] Player Manepear's group (verified) is not in sorting list! Sorting list: owner,admin,mod,helper,builder,vip,default. Player will be sorted on the bottom.
[00:52:12] [Server thread/INFO]: Manepear[/127.0.0.1:50314] logged in with entity id 7945 at ([um]9354.213894113158, 114.0, 1007.5902786711847)
[00:52:59] [User Authenticator #16/INFO]: UUID of player rw4 is 3e54b472-4830-3bba-86eb-59acffcbc28d
[00:53:00] [Server thread/INFO]: rw4[/127.0.0.1:44468] logged in with entity id 7978 at ([um]9352.699999988079, 121.0, 1031.8287831039702)
[00:53:33] [Server thread/INFO]: rw4 issued server command: /shop
[00:53:34] [Server thread/INFO]: Manepear issued server command: /shop
[00:53:47] [Server thread/INFO]: Shop >> Manepear bought 1 x Flower Pot Item(Decoration.page1.items.1) for $69.46 with the buy screen.
[00:53:58] [Server thread/INFO]: Shop >> rw4 bought 32 x Wool(Blocks.page3.items.115) for $940.80 with the buy screen.
[00:54:01] [Server thread/INFO]: [um]<Verified Mapicc_> brb
[00:54:03] [Server thread/INFO]: Mapicc_ lost connection: Disconnected
[00:54:03] [Server thread/INFO]: Mapicc_ left the game
[00:56:14] [Server thread/INFO]: Manepear issued server command: /shop
[00:56:22] [Server thread/INFO]: Shop >> Manepear bought 1 x Wood(Blocks.page3.items.98) for $1.11 with the buy screen.
[00:56:22] [Server thread/INFO]: Shop >> Manepear bought 1 x Wood(Blocks.page3.items.98) for $1.11 with the buy screen.
[00:56:22] [Server thread/INFO]: rw4 issued server command: /shop
[00:56:22] [Server thread/INFO]: Shop >> Manepear bought 1 x Wood(Blocks.page3.items.98) for $1.11 with the buy screen.
[00:56:23] [Server thread/INFO]: Shop >> Manepear bought 1 x Wood(Blocks.page3.items.98) for $1.11 with the buy screen.
[00:56:32] [Server thread/INFO]: Shop >> rw4 bought 64 x Smooth Brick(Blocks.page2.items.74) for $48.00 with the buy screen.
[00:56:36] [User Authenticator #17/INFO]: UUID of player icetofight is 005eb8e2-b75d-3c89-87a6-307798f33246
[00:56:36] [TAB Processing Thread/INFO]: [TAB] [WARN] Player icetofight's group (verified) is not in sorting list! Sorting list: owner,admin,mod,helper,builder,vip,default. Player will be sorted on the bottom.
[00:56:36] [Server thread/INFO]: icetofight[/127.0.0.1:36448] logged in with entity id 8092 at ([um]-190.28400862867673, 64.0625, 250.7670868080961)
[00:56:37] [Server thread/INFO]: Shop >> rw4 sold 1 x Smooth Brick(Blocks.page2.items.74) for $0.19 with the sell screen.
[00:56:46] [Server thread/INFO]: icetofight issued server command: /warp
[00:56:49] [Server thread/INFO]: icetofight issued server command: /warp icey
[00:56:54] [Craft Scheduler Thread - 133/INFO]: icey
[00:56:54] [Craft Scheduler Thread - 143/INFO]: icey
[00:57:00] [Server thread/INFO]: Manepear issued server command: /shop
[00:57:06] [Server thread/INFO]: Shop >> Manepear bought 1 x Wood(Blocks.page3.items.98) for $1.11 with the buy screen.
[00:57:06] [Server thread/INFO]: Shop >> Manepear bought 1 x Wood(Blocks.page3.items.98) for $1.11 with the buy screen.
[00:57:06] [Server thread/INFO]: Shop >> Manepear bought 1 x Wood(Blocks.page3.items.98) for $1.11 with the buy screen.
[00:57:07] [Server thread/INFO]: Shop >> Manepear bought 1 x Wood(Blocks.page3.items.98) for $1.11 with the buy screen.
[00:57:07] [Server thread/INFO]: Shop >> Manepear bought 1 x Wood(Blocks.page3.items.98) for $1.11 with the buy screen.
[00:57:07] [Server thread/INFO]: Shop >> Manepear bought 1 x Wood(Blocks.page3.items.98) for $1.11 with the buy screen.
[00:57:32] [Server thread/INFO]: [um]<Verified icetofight> wsg guys
[00:57:32] [Server thread/INFO]: Manepear issued server command: /shop
[00:57:40] [Server thread/INFO]: Shop >> Manepear bought 1 x Wood(Blocks.page3.items.98) for $1.11 with the buy screen.
[00:57:40] [Server thread/INFO]: Shop >> Manepear bought 1 x Wood(Blocks.page3.items.98) for $1.11 with the buy screen.
[00:57:41] [Server thread/INFO]: Shop >> Manepear bought 1 x Wood(Blocks.page3.items.98) for $1.11 with the buy screen.
[00:57:41] [Server thread/INFO]: Shop >> Manepear bought 1 x Wood(Blocks.page3.items.98) for $1.11 with the buy screen.
[00:57:41] [Server thread/INFO]: [um]<Verified rw4> wsp
[00:57:41] [Server thread/INFO]: Shop >> Manepear bought 1 x Wood(Blocks.page3.items.98) for $1.11 with the buy screen.
[00:57:41] [Server thread/INFO]: Shop >> Manepear bought 1 x Wood(Blocks.page3.items.98) for $1.11 with the buy screen.
[00:57:42] [Server thread/INFO]: icetofight issued server command: /shop
[00:57:54] [Server thread/INFO]: Shop >> Manepear bought 1 x Wood(Blocks.page3.items.98) for $1.11 with the buy screen.
[00:57:54] [Server thread/INFO]: Shop >> Manepear bought 1 x Wood(Blocks.page3.items.98) for $1.11 with the buy screen.
[00:57:55] [Server thread/INFO]: Shop >> Manepear bought 1 x Wood(Blocks.page3.items.98) for $1.11 with the buy screen.
[00:57:55] [Server thread/INFO]: Shop >> Manepear bought 1 x Wood(Blocks.page3.items.98) for $1.11 with the buy screen.
[00:57:55] [Server thread/INFO]: Shop >> Manepear bought 1 x Wood(Blocks.page3.items.98) for $1.11 with the buy screen.
[00:57:56] [Server thread/INFO]: Shop >> Manepear bought 1 x Wood(Blocks.page3.items.98) for $1.11 with the buy screen.
[00:58:27] [Server thread/INFO]: icetofight issued server command: /breathing love 2
[00:58:47] [Server thread/INFO]: icetofight issued server command: /breathing thunder
