14.11.2025 - 12:32:06 - [TAB v5.3.2] Blocked attempt to add player ItzRealMe into team Red (expected team: 6ItzRealMeA).
14.11.2025 - 12:32:35 - [TAB v5.3.2] Blocked attempt to add player the_milk_man into team Red (expected team: 6the_milk_manA).
14.11.2025 - 12:32:54 - [TAB v5.3.2] Blocked attempt to add player Wemmbu into team Blue (expected team: 0WemmbuA).
14.11.2025 - 12:40:00 - [TAB v5.3.2] Blocked attempt to add player ItzRealMe into team Red (expected team: 6ItzRealMeA).
14.11.2025 - 12:41:17 - [TAB v5.3.2] Blocked attempt to add player Wemmbu into team Blue (expected team: 0WemmbuA).
14.11.2025 - 12:41:29 - [TAB v5.3.2] Blocked attempt to add player ItzRealMe into team Red (expected team: 6ItzRealMeA).
14.11.2025 - 12:41:29 - [TAB v5.3.2] Blocked attempt to add player Wemmbu into team Blue (expected team: 0WemmbuA).
14.11.2025 - 12:41:32 - [TAB v5.3.2] Blocked attempt to add player ItzRealMe into team Red (expected team: 6ItzRealMeA).
14.11.2025 - 12:42:45 - [TAB v5.3.2] Blocked attempt to add player the_milk_man into team Blue (expected team: 6the_milk_manA).
14.11.2025 - 12:42:45 - [TAB v5.3.2] Blocked attempt to add player the_milk_man into team Blue (expected team: 6the_milk_manA).
14.11.2025 - 12:44:43 - [TAB v5.3.2] Blocked attempt to add player ItzRealMe into team Red (expected team: 6ItzRealMeA).
18.11.2025 - 00:00:46 - [TAB v5.3.2] Blocked attempt to add player Wemmbu into team MMHide (expected team: 0WemmbuA).
18.11.2025 - 00:00:47 - [TAB v5.3.2] Blocked attempt to add player Mapicc_ into team MMHide (expected team: 6Mapicc_A).
18.11.2025 - 00:00:53 - [TAB v5.3.2] Blocked attempt to add player Wemmbu into team MMHide (expected team: 0WemmbuA).
18.11.2025 - 00:00:53 - [TAB v5.3.2] Blocked attempt to add player Mapicc_ into team MMHide (expected team: 6Mapicc_A).
18.11.2025 - 00:01:00 - [TAB v5.3.2] Blocked attempt to add player Wemmbu into team MMHide (expected team: 0WemmbuA).
18.11.2025 - 00:01:00 - [TAB v5.3.2] Blocked attempt to add player Wemmbu into team MMHide (expected team: 0WemmbuA).
18.11.2025 - 00:01:00 - [TAB v5.3.2] Blocked attempt to add player Mapicc_ into team MMHide (expected team: 6Mapicc_A).
18.11.2025 - 00:01:56 - [TAB v5.3.2] Blocked attempt to add player Wemmbu into team MMHide (expected team: 0WemmbuA).
18.11.2025 - 00:01:56 - [TAB v5.3.2] Blocked attempt to add player Wemmbu into team MMHide (expected team: 0WemmbuA).
18.11.2025 - 00:02:03 - [TAB v5.3.2] Blocked attempt to add player Mapicc_ into team MMHide (expected team: 6Mapicc_A).
18.11.2025 - 00:02:03 - [TAB v5.3.2] Blocked attempt to add player Wemmbu into team MMHide (expected team: 0WemmbuA).
18.11.2025 - 00:02:03 - [TAB v5.3.2] Blocked attempt to add player Mapicc_ into team MMHide (expected team: 6Mapicc_A).
18.11.2025 - 00:02:03 - [TAB v5.3.2] Blocked attempt to add player Wemmbu into team MMHide (expected team: 0WemmbuA).
18.11.2025 - 00:02:10 - [TAB v5.3.2] Blocked attempt to add player Mapicc_ into team MMHide (expected team: 6Mapicc_A).
18.11.2025 - 00:02:10 - [TAB v5.3.2] Blocked attempt to add player Wemmbu into team MMHide (expected team: 0WemmbuA).
18.11.2025 - 00:02:10 - [TAB v5.3.2] Blocked attempt to add player manepear___ into team MMHide (expected team: 6manepear___A).
18.11.2025 - 00:02:10 - [TAB v5.3.2] Blocked attempt to add player Mapicc_ into team MMHide (expected team: 6Mapicc_A).
18.11.2025 - 00:02:10 - [TAB v5.3.2] Blocked attempt to add player Wemmbu into team MMHide (expected team: 0WemmbuA).
18.11.2025 - 00:02:10 - [TAB v5.3.2] Blocked attempt to add player manepear___ into team MMHide (expected team: 6manepear___A).
18.11.2025 - 00:02:17 - [TAB v5.3.2] Blocked attempt to add player Mapicc_ into team MMHide (expected team: 6Mapicc_A).
18.11.2025 - 00:02:17 - [TAB v5.3.2] Blocked attempt to add player Wemmbu into team MMHide (expected team: 0WemmbuA).
18.11.2025 - 00:02:17 - [TAB v5.3.2] Blocked attempt to add player manepear___ into team MMHide (expected team: 6manepear___A).
18.11.2025 - 00:02:17 - [TAB v5.3.2] Blocked attempt to add player Mapicc_ into team MMHide (expected team: 6Mapicc_A).
18.11.2025 - 00:02:17 - [TAB v5.3.2] Blocked attempt to add player Wemmbu into team MMHide (expected team: 0WemmbuA).
18.11.2025 - 00:02:17 - [TAB v5.3.2] Blocked attempt to add player manepear___ into team MMHide (expected team: 6manepear___A).
18.11.2025 - 00:02:24 - [TAB v5.3.2] Blocked attempt to add player Mapicc_ into team MMHide (expected team: 6Mapicc_A).
18.11.2025 - 00:02:24 - [TAB v5.3.2] Blocked attempt to add player Wemmbu into team MMHide (expected team: 0WemmbuA).
18.11.2025 - 00:02:24 - [TAB v5.3.2] Blocked attempt to add player manepear___ into team MMHide (expected team: 6manepear___A).
18.11.2025 - 00:02:24 - [TAB v5.3.2] Blocked attempt to add player Wemmbu into team MMHide (expected team: 0WemmbuA).
18.11.2025 - 00:02:24 - [TAB v5.3.2] Blocked attempt to add player manepear___ into team MMHide (expected team: 6manepear___A).
18.11.2025 - 00:11:03 - [TAB v5.3.2] Blocked attempt to add player Wemmbu into team MMHide (expected team: 0WemmbuA).
18.11.2025 - 00:11:03 - [TAB v5.3.2] Blocked attempt to add player manepear___ into team MMHide (expected team: 6manepear___A).
18.11.2025 - 00:11:03 - [TAB v5.3.2] Blocked attempt to add player Mapicc_ into team MMHide (expected team: 6Mapicc_A).
18.11.2025 - 00:11:03 - [TAB v5.3.2] Blocked attempt to add player Wemmbu into team MMHide (expected team: 0WemmbuA).
18.11.2025 - 00:11:03 - [TAB v5.3.2] Blocked attempt to add player manepear___ into team MMHide (expected team: 6manepear___A).
18.11.2025 - 00:11:03 - [TAB v5.3.2] Blocked attempt to add player Mapicc_ into team MMHide (expected team: 6Mapicc_A).
18.11.2025 - 00:11:10 - [TAB v5.3.2] Blocked attempt to add player Wemmbu into team MMHide (expected team: 0WemmbuA).
18.11.2025 - 00:11:10 - [TAB v5.3.2] Blocked attempt to add player manepear___ into team MMHide (expected team: 6manepear___A).
18.11.2025 - 00:11:10 - [TAB v5.3.2] Blocked attempt to add player Mapicc_ into team MMHide (expected team: 6Mapicc_A).
18.11.2025 - 00:11:10 - [TAB v5.3.2] Blocked attempt to add player Wemmbu into team MMHide (expected team: 0WemmbuA).
18.11.2025 - 00:11:10 - [TAB v5.3.2] Blocked attempt to add player manepear___ into team MMHide (expected team: 6manepear___A).
18.11.2025 - 00:11:10 - [TAB v5.3.2] Blocked attempt to add player Mapicc_ into team MMHide (expected team: 6Mapicc_A).
18.11.2025 - 00:11:17 - [TAB v5.3.2] Blocked attempt to add player manepear___ into team MMHide (expected team: 6manepear___A).
18.11.2025 - 00:11:17 - [TAB v5.3.2] Blocked attempt to add player Mapicc_ into team MMHide (expected team: 6Mapicc_A).
18.11.2025 - 00:11:17 - [TAB v5.3.2] Blocked attempt to add player Wemmbu into team MMHide (expected team: 0WemmbuA).
18.11.2025 - 00:11:17 - [TAB v5.3.2] Blocked attempt to add player manepear___ into team MMHide (expected team: 6manepear___A).
18.11.2025 - 00:11:17 - [TAB v5.3.2] Blocked attempt to add player Mapicc_ into team MMHide (expected team: 6Mapicc_A).
18.11.2025 - 00:11:17 - [TAB v5.3.2] Blocked attempt to add player Wemmbu into team MMHide (expected team: 0WemmbuA).
18.11.2025 - 00:11:24 - [TAB v5.3.2] Blocked attempt to add player manepear___ into team MMHide (expected team: 6manepear___A).
18.11.2025 - 00:11:24 - [TAB v5.3.2] Blocked attempt to add player manepear___ into team MMHide (expected team: 6manepear___A).
18.11.2025 - 00:11:24 - [TAB v5.3.2] Blocked attempt to add player Mapicc_ into team MMHide (expected team: 6Mapicc_A).
18.11.2025 - 00:11:24 - [TAB v5.3.2] Blocked attempt to add player Wemmbu into team MMHide (expected team: 0WemmbuA).
18.11.2025 - 00:11:24 - [TAB v5.3.2] Blocked attempt to add player Mapicc_ into team MMHide (expected team: 6Mapicc_A).
18.11.2025 - 00:13:23 - [TAB v5.3.2] Blocked attempt to add player Mapicc_ into team MMHide (expected team: 6Mapicc_A).
18.11.2025 - 00:13:23 - [TAB v5.3.2] Blocked attempt to add player manepear___ into team MMHide (expected team: 6manepear___A).
18.11.2025 - 00:13:23 - [TAB v5.3.2] Blocked attempt to add player Wemmbu into team MMHide (expected team: 0WemmbuA).
18.11.2025 - 00:13:23 - [TAB v5.3.2] Blocked attempt to add player manepear___ into team MMHide (expected team: 6manepear___A).
18.11.2025 - 00:13:23 - [TAB v5.3.2] Blocked attempt to add player Wemmbu into team MMHide (expected team: 0WemmbuA).
18.11.2025 - 00:13:30 - [TAB v5.3.2] Blocked attempt to add player Mapicc_ into team MMHide (expected team: 6Mapicc_A).
18.11.2025 - 00:13:30 - [TAB v5.3.2] Blocked attempt to add player manepear___ into team MMHide (expected team: 6manepear___A).
18.11.2025 - 00:13:30 - [TAB v5.3.2] Blocked attempt to add player Wemmbu into team MMHide (expected team: 0WemmbuA).
18.11.2025 - 00:13:30 - [TAB v5.3.2] Blocked attempt to add player Mapicc_ into team MMHide (expected team: 6Mapicc_A).
18.11.2025 - 00:13:30 - [TAB v5.3.2] Blocked attempt to add player manepear___ into team MMHide (expected team: 6manepear___A).
18.11.2025 - 00:13:30 - [TAB v5.3.2] Blocked attempt to add player Wemmbu into team MMHide (expected team: 0WemmbuA).
18.11.2025 - 00:13:37 - [TAB v5.3.2] Blocked attempt to add player Mapicc_ into team MMHide (expected team: 6Mapicc_A).
18.11.2025 - 00:13:37 - [TAB v5.3.2] Blocked attempt to add player manepear___ into team MMHide (expected team: 6manepear___A).
18.11.2025 - 00:13:37 - [TAB v5.3.2] Blocked attempt to add player Wemmbu into team MMHide (expected team: 0WemmbuA).
18.11.2025 - 00:13:37 - [TAB v5.3.2] Blocked attempt to add player Mapicc_ into team MMHide (expected team: 6Mapicc_A).
18.11.2025 - 00:13:37 - [TAB v5.3.2] Blocked attempt to add player manepear___ into team MMHide (expected team: 6manepear___A).
18.11.2025 - 00:13:37 - [TAB v5.3.2] Blocked attempt to add player Wemmbu into team MMHide (expected team: 0WemmbuA).
18.11.2025 - 00:13:44 - [TAB v5.3.2] Blocked attempt to add player Mapicc_ into team MMHide (expected team: 6Mapicc_A).
18.11.2025 - 00:13:44 - [TAB v5.3.2] Blocked attempt to add player manepear___ into team MMHide (expected team: 6manepear___A).
18.11.2025 - 00:13:44 - [TAB v5.3.2] Blocked attempt to add player Wemmbu into team MMHide (expected team: 0WemmbuA).
18.11.2025 - 00:13:44 - [TAB v5.3.2] Blocked attempt to add player Mapicc_ into team MMHide (expected team: 6Mapicc_A).
18.11.2025 - 00:13:44 - [TAB v5.3.2] Blocked attempt to add player manepear___ into team MMHide (expected team: 6manepear___A).
18.11.2025 - 00:13:44 - [TAB v5.3.2] Blocked attempt to add player Wemmbu into team MMHide (expected team: 0WemmbuA).
18.11.2025 - 00:13:51 - [TAB v5.3.2] Blocked attempt to add player Mapicc_ into team MMHide (expected team: 6Mapicc_A).
18.11.2025 - 00:13:51 - [TAB v5.3.2] Blocked attempt to add player manepear___ into team MMHide (expected team: 6manepear___A).
18.11.2025 - 00:13:51 - [TAB v5.3.2] Blocked attempt to add player Wemmbu into team MMHide (expected team: 0WemmbuA).
18.11.2025 - 00:13:51 - [TAB v5.3.2] Blocked attempt to add player Mapicc_ into team MMHide (expected team: 6Mapicc_A).
18.11.2025 - 00:13:51 - [TAB v5.3.2] Blocked attempt to add player manepear___ into team MMHide (expected team: 6manepear___A).
18.11.2025 - 00:13:51 - [TAB v5.3.2] Blocked attempt to add player Wemmbu into team MMHide (expected team: 0WemmbuA).
18.11.2025 - 00:13:58 - [TAB v5.3.2] Blocked attempt to add player Mapicc_ into team MMHide (expected team: 6Mapicc_A).
18.11.2025 - 00:13:58 - [TAB v5.3.2] Blocked attempt to add player manepear___ into team MMHide (expected team: 6manepear___A).
18.11.2025 - 00:13:58 - [TAB v5.3.2] Blocked attempt to add player Wemmbu into team MMHide (expected team: 0WemmbuA).
18.11.2025 - 00:13:58 - [TAB v5.3.2] Blocked attempt to add player Mapicc_ into team MMHide (expected team: 6Mapicc_A).
18.11.2025 - 00:13:58 - [TAB v5.3.2] Blocked attempt to add player manepear___ into team MMHide (expected team: 6manepear___A).
18.11.2025 - 00:13:58 - [TAB v5.3.2] Blocked attempt to add player Wemmbu into team MMHide (expected team: 0WemmbuA).
18.11.2025 - 00:14:05 - [TAB v5.3.2] Blocked attempt to add player Mapicc_ into team MMHide (expected team: 6Mapicc_A).
18.11.2025 - 00:14:05 - [TAB v5.3.2] Blocked attempt to add player manepear___ into team MMHide (expected team: 6manepear___A).
18.11.2025 - 00:14:05 - [TAB v5.3.2] Blocked attempt to add player Wemmbu into team MMHide (expected team: 0WemmbuA).
18.11.2025 - 00:14:05 - [TAB v5.3.2] Blocked attempt to add player Mapicc_ into team MMHide (expected team: 6Mapicc_A).
18.11.2025 - 00:14:05 - [TAB v5.3.2] Blocked attempt to add player manepear___ into team MMHide (expected team: 6manepear___A).
18.11.2025 - 00:14:05 - [TAB v5.3.2] Blocked attempt to add player Wemmbu into team MMHide (expected team: 0WemmbuA).
18.11.2025 - 00:14:12 - [TAB v5.3.2] Blocked attempt to add player Mapicc_ into team MMHide (expected team: 6Mapicc_A).
18.11.2025 - 00:14:12 - [TAB v5.3.2] Blocked attempt to add player Wemmbu into team MMHide (expected team: 0WemmbuA).
18.11.2025 - 00:14:12 - [TAB v5.3.2] Blocked attempt to add player manepear___ into team MMHide (expected team: 6manepear___A).
18.11.2025 - 00:14:19 - [TAB v5.3.2] Blocked attempt to add player Mapicc_ into team MMHide (expected team: 6Mapicc_A).
18.11.2025 - 00:14:19 - [TAB v5.3.2] Blocked attempt to add player manepear___ into team MMHide (expected team: 6manepear___A).
18.11.2025 - 00:14:19 - [TAB v5.3.2] Blocked attempt to add player Wemmbu into team MMHide (expected team: 0WemmbuA).
18.11.2025 - 00:15:01 - [TAB v5.3.2] Blocked attempt to add player Mapicc_ into team MMHide (expected team: 6Mapicc_A).
18.11.2025 - 00:15:01 - [TAB v5.3.2] Blocked attempt to add player Wemmbu into team MMHide (expected team: 0WemmbuA).
18.11.2025 - 00:15:01 - [TAB v5.3.2] Blocked attempt to add player manepear___ into team MMHide (expected team: 6manepear___A).
18.11.2025 - 00:15:01 - [TAB v5.3.2] Blocked attempt to add player Mapicc_ into team MMHide (expected team: 6Mapicc_A).
18.11.2025 - 00:15:01 - [TAB v5.3.2] Blocked attempt to add player Wemmbu into team MMHide (expected team: 0WemmbuA).
18.11.2025 - 00:15:01 - [TAB v5.3.2] Blocked attempt to add player manepear___ into team MMHide (expected team: 6manepear___A).
18.11.2025 - 00:15:08 - [TAB v5.3.2] Blocked attempt to add player Mapicc_ into team MMHide (expected team: 6Mapicc_A).
18.11.2025 - 00:15:08 - [TAB v5.3.2] Blocked attempt to add player Wemmbu into team MMHide (expected team: 0WemmbuA).
18.11.2025 - 00:15:08 - [TAB v5.3.2] Blocked attempt to add player manepear___ into team MMHide (expected team: 6manepear___A).
18.11.2025 - 00:15:08 - [TAB v5.3.2] Blocked attempt to add player Mapicc_ into team MMHide (expected team: 6Mapicc_A).
18.11.2025 - 00:15:08 - [TAB v5.3.2] Blocked attempt to add player Wemmbu into team MMHide (expected team: 0WemmbuA).
18.11.2025 - 00:15:08 - [TAB v5.3.2] Blocked attempt to add player manepear___ into team MMHide (expected team: 6manepear___A).
18.11.2025 - 00:15:15 - [TAB v5.3.2] Blocked attempt to add player Mapicc_ into team MMHide (expected team: 6Mapicc_A).
18.11.2025 - 00:15:15 - [TAB v5.3.2] Blocked attempt to add player manepear___ into team MMHide (expected team: 6manepear___A).
18.11.2025 - 00:15:15 - [TAB v5.3.2] Blocked attempt to add player Wemmbu into team MMHide (expected team: 0WemmbuA).
18.11.2025 - 00:15:15 - [TAB v5.3.2] Blocked attempt to add player Wemmbu into team MMHide (expected team: 0WemmbuA).
18.11.2025 - 00:15:15 - [TAB v5.3.2] Blocked attempt to add player manepear___ into team MMHide (expected team: 6manepear___A).
18.11.2025 - 00:15:22 - [TAB v5.3.2] Blocked attempt to add player Mapicc_ into team MMHide (expected team: 6Mapicc_A).
18.11.2025 - 00:15:22 - [TAB v5.3.2] Blocked attempt to add player Wemmbu into team MMHide (expected team: 0WemmbuA).
18.11.2025 - 00:15:22 - [TAB v5.3.2] Blocked attempt to add player manepear___ into team MMHide (expected team: 6manepear___A).
18.11.2025 - 00:15:22 - [TAB v5.3.2] Blocked attempt to add player Mapicc_ into team MMHide (expected team: 6Mapicc_A).
18.11.2025 - 00:15:22 - [TAB v5.3.2] Blocked attempt to add player Wemmbu into team MMHide (expected team: 0WemmbuA).
18.11.2025 - 00:15:22 - [TAB v5.3.2] Blocked attempt to add player manepear___ into team MMHide (expected team: 6manepear___A).
18.11.2025 - 00:15:29 - [TAB v5.3.2] Blocked attempt to add player Mapicc_ into team MMHide (expected team: 6Mapicc_A).
18.11.2025 - 00:15:29 - [TAB v5.3.2] Blocked attempt to add player Wemmbu into team MMHide (expected team: 0WemmbuA).
18.11.2025 - 00:15:29 - [TAB v5.3.2] Blocked attempt to add player manepear___ into team MMHide (expected team: 6manepear___A).
18.11.2025 - 00:15:29 - [TAB v5.3.2] Blocked attempt to add player Wemmbu into team MMHide (expected team: 0WemmbuA).
18.11.2025 - 00:15:29 - [TAB v5.3.2] Blocked attempt to add player manepear___ into team MMHide (expected team: 6manepear___A).
18.11.2025 - 00:15:36 - [TAB v5.3.2] Blocked attempt to add player Mapicc_ into team MMHide (expected team: 6Mapicc_A).
18.11.2025 - 00:15:36 - [TAB v5.3.2] Blocked attempt to add player manepear___ into team MMHide (expected team: 6manepear___A).
18.11.2025 - 00:15:36 - [TAB v5.3.2] Blocked attempt to add player Wemmbu into team MMHide (expected team: 0WemmbuA).
18.11.2025 - 00:15:36 - [TAB v5.3.2] Blocked attempt to add player Wemmbu into team MMHide (expected team: 0WemmbuA).
18.11.2025 - 00:15:36 - [TAB v5.3.2] Blocked attempt to add player manepear___ into team MMHide (expected team: 6manepear___A).
18.11.2025 - 00:15:43 - [TAB v5.3.2] Blocked attempt to add player Mapicc_ into team MMHide (expected team: 6Mapicc_A).
18.11.2025 - 00:15:43 - [TAB v5.3.2] Blocked attempt to add player Wemmbu into team MMHide (expected team: 0WemmbuA).
18.11.2025 - 00:15:43 - [TAB v5.3.2] Blocked attempt to add player manepear___ into team MMHide (expected team: 6manepear___A).
18.11.2025 - 00:15:43 - [TAB v5.3.2] Blocked attempt to add player Mapicc_ into team MMHide (expected team: 6Mapicc_A).
18.11.2025 - 00:15:43 - [TAB v5.3.2] Blocked attempt to add player Mapicc_ into team MMHide (expected team: 6Mapicc_A).
18.11.2025 - 00:15:43 - [TAB v5.3.2] Blocked attempt to add player Wemmbu into team MMHide (expected team: 0WemmbuA).
18.11.2025 - 00:15:43 - [TAB v5.3.2] Blocked attempt to add player manepear___ into team MMHide (expected team: 6manepear___A).
18.11.2025 - 00:15:50 - [TAB v5.3.2] Blocked attempt to add player Mapicc_ into team MMHide (expected team: 6Mapicc_A).
18.11.2025 - 00:15:50 - [TAB v5.3.2] Blocked attempt to add player Wemmbu into team MMHide (expected team: 0WemmbuA).
18.11.2025 - 00:15:50 - [TAB v5.3.2] Blocked attempt to add player manepear___ into team MMHide (expected team: 6manepear___A).
18.11.2025 - 00:15:50 - [TAB v5.3.2] Blocked attempt to add player Mapicc_ into team MMHide (expected team: 6Mapicc_A).
18.11.2025 - 00:15:50 - [TAB v5.3.2] Blocked attempt to add player Wemmbu into team MMHide (expected team: 0WemmbuA).
18.11.2025 - 00:15:50 - [TAB v5.3.2] Blocked attempt to add player manepear___ into team MMHide (expected team: 6manepear___A).
18.11.2025 - 00:15:57 - [TAB v5.3.2] Blocked attempt to add player Mapicc_ into team MMHide (expected team: 6Mapicc_A).
18.11.2025 - 00:15:57 - [TAB v5.3.2] Blocked attempt to add player Wemmbu into team MMHide (expected team: 0WemmbuA).
18.11.2025 - 00:15:57 - [TAB v5.3.2] Blocked attempt to add player manepear___ into team MMHide (expected team: 6manepear___A).
18.11.2025 - 00:15:57 - [TAB v5.3.2] Blocked attempt to add player Mapicc_ into team MMHide (expected team: 6Mapicc_A).
18.11.2025 - 00:15:57 - [TAB v5.3.2] Blocked attempt to add player Wemmbu into team MMHide (expected team: 0WemmbuA).
18.11.2025 - 00:15:57 - [TAB v5.3.2] Blocked attempt to add player manepear___ into team MMHide (expected team: 6manepear___A).
18.11.2025 - 00:16:04 - [TAB v5.3.2] Blocked attempt to add player Mapicc_ into team MMHide (expected team: 6Mapicc_A).
18.11.2025 - 00:16:04 - [TAB v5.3.2] Blocked attempt to add player Wemmbu into team MMHide (expected team: 0WemmbuA).
18.11.2025 - 00:16:04 - [TAB v5.3.2] Blocked attempt to add player manepear___ into team MMHide (expected team: 6manepear___A).
18.11.2025 - 00:16:04 - [TAB v5.3.2] Blocked attempt to add player Mapicc_ into team MMHide (expected team: 6Mapicc_A).
18.11.2025 - 00:16:04 - [TAB v5.3.2] Blocked attempt to add player Wemmbu into team MMHide (expected team: 0WemmbuA).
18.11.2025 - 00:16:04 - [TAB v5.3.2] Blocked attempt to add player manepear___ into team MMHide (expected team: 6manepear___A).
18.11.2025 - 00:16:11 - [TAB v5.3.2] Blocked attempt to add player Mapicc_ into team MMHide (expected team: 6Mapicc_A).
18.11.2025 - 00:16:11 - [TAB v5.3.2] Blocked attempt to add player manepear___ into team MMHide (expected team: 6manepear___A).
18.11.2025 - 00:16:11 - [TAB v5.3.2] Blocked attempt to add player Wemmbu into team MMHide (expected team: 0WemmbuA).
18.11.2025 - 00:16:11 - [TAB v5.3.2] Blocked attempt to add player Wemmbu into team MMHide (expected team: 0WemmbuA).
18.11.2025 - 00:16:11 - [TAB v5.3.2] Blocked attempt to add player manepear___ into team MMHide (expected team: 6manepear___A).
18.11.2025 - 00:16:18 - [TAB v5.3.2] Blocked attempt to add player Mapicc_ into team MMHide (expected team: 6Mapicc_A).
18.11.2025 - 00:16:18 - [TAB v5.3.2] Blocked attempt to add player Mapicc_ into team MMHide (expected team: 6Mapicc_A).
18.11.2025 - 00:16:18 - [TAB v5.3.2] Blocked attempt to add player Wemmbu into team MMHide (expected team: 0WemmbuA).
18.11.2025 - 00:16:18 - [TAB v5.3.2] Blocked attempt to add player manepear___ into team MMHide (expected team: 6manepear___A).
18.11.2025 - 00:16:18 - [TAB v5.3.2] Blocked attempt to add player Wemmbu into team MMHide (expected team: 0WemmbuA).
18.11.2025 - 00:16:18 - [TAB v5.3.2] Blocked attempt to add player Wemmbu into team MMHide (expected team: 0WemmbuA).
18.11.2025 - 00:16:18 - [TAB v5.3.2] Blocked attempt to add player manepear___ into team MMHide (expected team: 6manepear___A).
18.11.2025 - 00:16:25 - [TAB v5.3.2] Blocked attempt to add player Mapicc_ into team MMHide (expected team: 6Mapicc_A).
18.11.2025 - 00:16:25 - [TAB v5.3.2] Blocked attempt to add player Wemmbu into team MMHide (expected team: 0WemmbuA).
18.11.2025 - 00:16:25 - [TAB v5.3.2] Blocked attempt to add player manepear___ into team MMHide (expected team: 6manepear___A).
18.11.2025 - 00:16:25 - [TAB v5.3.2] Blocked attempt to add player Mapicc_ into team MMHide (expected team: 6Mapicc_A).
18.11.2025 - 00:16:25 - [TAB v5.3.2] Blocked attempt to add player Wemmbu into team MMHide (expected team: 0WemmbuA).
18.11.2025 - 00:16:25 - [TAB v5.3.2] Blocked attempt to add player manepear___ into team MMHide (expected team: 6manepear___A).
18.11.2025 - 00:16:32 - [TAB v5.3.2] Blocked attempt to add player Mapicc_ into team MMHide (expected team: 6Mapicc_A).
18.11.2025 - 00:16:32 - [TAB v5.3.2] Blocked attempt to add player Wemmbu into team MMHide (expected team: 0WemmbuA).
18.11.2025 - 00:16:32 - [TAB v5.3.2] Blocked attempt to add player manepear___ into team MMHide (expected team: 6manepear___A).
18.11.2025 - 00:16:32 - [TAB v5.3.2] Blocked attempt to add player Mapicc_ into team MMHide (expected team: 6Mapicc_A).
18.11.2025 - 00:16:32 - [TAB v5.3.2] Blocked attempt to add player Wemmbu into team MMHide (expected team: 0WemmbuA).
18.11.2025 - 00:16:32 - [TAB v5.3.2] Blocked attempt to add player manepear___ into team MMHide (expected team: 6manepear___A).
18.11.2025 - 00:16:39 - [TAB v5.3.2] Blocked attempt to add player Mapicc_ into team MMHide (expected team: 6Mapicc_A).
18.11.2025 - 00:16:39 - [TAB v5.3.2] Blocked attempt to add player manepear___ into team MMHide (expected team: 6manepear___A).
18.11.2025 - 00:16:39 - [TAB v5.3.2] Blocked attempt to add player Wemmbu into team MMHide (expected team: 0WemmbuA).
18.11.2025 - 00:16:39 - [TAB v5.3.2] Blocked attempt to add player Wemmbu into team MMHide (expected team: 0WemmbuA).
18.11.2025 - 00:16:39 - [TAB v5.3.2] Blocked attempt to add player manepear___ into team MMHide (expected team: 6manepear___A).
18.11.2025 - 00:16:46 - [TAB v5.3.2] Blocked attempt to add player Mapicc_ into team MMHide (expected team: 6Mapicc_A).
18.11.2025 - 00:16:46 - [TAB v5.3.2] Blocked attempt to add player Wemmbu into team MMHide (expected team: 0WemmbuA).
18.11.2025 - 00:16:46 - [TAB v5.3.2] Blocked attempt to add player manepear___ into team MMHide (expected team: 6manepear___A).
18.11.2025 - 00:16:46 - [TAB v5.3.2] Blocked attempt to add player Mapicc_ into team MMHide (expected team: 6Mapicc_A).
18.11.2025 - 00:16:46 - [TAB v5.3.2] Blocked attempt to add player Wemmbu into team MMHide (expected team: 0WemmbuA).
18.11.2025 - 00:16:46 - [TAB v5.3.2] Blocked attempt to add player manepear___ into team MMHide (expected team: 6manepear___A).
18.11.2025 - 00:16:53 - [TAB v5.3.2] Blocked attempt to add player Mapicc_ into team MMHide (expected team: 6Mapicc_A).
18.11.2025 - 00:16:53 - [TAB v5.3.2] Blocked attempt to add player Wemmbu into team MMHide (expected team: 0WemmbuA).
18.11.2025 - 00:16:53 - [TAB v5.3.2] Blocked attempt to add player manepear___ into team MMHide (expected team: 6manepear___A).
18.11.2025 - 00:16:53 - [TAB v5.3.2] Blocked attempt to add player Mapicc_ into team MMHide (expected team: 6Mapicc_A).
18.11.2025 - 00:16:53 - [TAB v5.3.2] Blocked attempt to add player Wemmbu into team MMHide (expected team: 0WemmbuA).
18.11.2025 - 00:16:53 - [TAB v5.3.2] Blocked attempt to add player manepear___ into team MMHide (expected team: 6manepear___A).
18.11.2025 - 00:17:49 - [TAB v5.3.2] Blocked attempt to add player Wemmbu into team MMHide (expected team: 0WemmbuA).
18.11.2025 - 00:17:49 - [TAB v5.3.2] Blocked attempt to add player manepear___ into team MMHide (expected team: 6manepear___A).
18.11.2025 - 00:17:56 - [TAB v5.3.2] Blocked attempt to add player Wemmbu into team MMHide (expected team: 0WemmbuA).
18.11.2025 - 00:17:56 - [TAB v5.3.2] Blocked attempt to add player manepear___ into team MMHide (expected team: 6manepear___A).
18.11.2025 - 00:18:03 - [TAB v5.3.2] Blocked attempt to add player Wemmbu into team MMHide (expected team: 0WemmbuA).
18.11.2025 - 00:18:03 - [TAB v5.3.2] Blocked attempt to add player manepear___ into team MMHide (expected team: 6manepear___A).
18.11.2025 - 00:18:10 - [TAB v5.3.2] Blocked attempt to add player Wemmbu into team MMHide (expected team: 0WemmbuA).
18.11.2025 - 00:18:10 - [TAB v5.3.2] Blocked attempt to add player manepear___ into team MMHide (expected team: 6manepear___A).
18.11.2025 - 00:18:17 - [TAB v5.3.2] Blocked attempt to add player Wemmbu into team MMHide (expected team: 0WemmbuA).
18.11.2025 - 00:18:17 - [TAB v5.3.2] Blocked attempt to add player manepear___ into team MMHide (expected team: 6manepear___A).
18.11.2025 - 00:18:24 - [TAB v5.3.2] Blocked attempt to add player Wemmbu into team MMHide (expected team: 0WemmbuA).
18.11.2025 - 00:18:24 - [TAB v5.3.2] Blocked attempt to add player manepear___ into team MMHide (expected team: 6manepear___A).
18.11.2025 - 00:18:31 - [TAB v5.3.2] Blocked attempt to add player Wemmbu into team MMHide (expected team: 0WemmbuA).
18.11.2025 - 00:18:31 - [TAB v5.3.2] Blocked attempt to add player manepear___ into team MMHide (expected team: 6manepear___A).
18.11.2025 - 00:18:38 - [TAB v5.3.2] Blocked attempt to add player Wemmbu into team MMHide (expected team: 0WemmbuA).
18.11.2025 - 00:18:38 - [TAB v5.3.2] Blocked attempt to add player manepear___ into team MMHide (expected team: 6manepear___A).
18.11.2025 - 00:18:45 - [TAB v5.3.2] Blocked attempt to add player Wemmbu into team MMHide (expected team: 0WemmbuA).
18.11.2025 - 00:18:45 - [TAB v5.3.2] Blocked attempt to add player manepear___ into team MMHide (expected team: 6manepear___A).
