[00:00:27] [Netty epoll Worker #0/INFO] [eaglerxvelocity]: [/[0:0:0:0:0:0:0:1]:49500]: Connected via websocket
[00:00:27] [Netty epoll Worker #0/INFO] [eaglerxvelocity]: [/[0:0:0:0:0:0:0:1]:49500]: Origin header is null
[00:00:27] [Netty epoll Worker #0/INFO] [eaglerxvelocity]: [connected player] rw4 (/[0:0:0:0:0:0:0:1]:49500) has connected
[00:00:27] [Netty epoll Worker #0/INFO] [com.velocitypowered.proxy.connection.MinecraftConnection]: [server connection] rw4 -> lobby has connected
[00:00:30] [Netty epoll Worker #1/INFO] [eaglerxvelocity]: [/[0:0:0:0:0:0:0:1]:49502]: Connected via websocket
[00:00:30] [Netty epoll Worker #1/INFO] [eaglerxvelocity]: [/[0:0:0:0:0:0:0:1]:49502]: Origin header is null
[00:00:37] [Netty epoll Worker #3/INFO] [eaglerxvelocity]: [/[0:0:0:0:0:0:0:1]:39428]: Connected via websocket
[00:00:37] [Netty epoll Worker #3/INFO] [eaglerxvelocity]: [/[0:0:0:0:0:0:0:1]:39428]: Origin header is null
[00:00:37] [Netty epoll Worker #3/INFO] [eaglerxvelocity]: [connected player] Wemmbu (/[0:0:0:0:0:0:0:1]:39428) has connected
[00:00:37] [Netty epoll Worker #3/INFO] [com.velocitypowered.proxy.connection.MinecraftConnection]: [server connection] Wemmbu -> lobby has connected
[00:02:34] [Netty epoll Worker #1/INFO] [eaglerxvelocity]: [/[0:0:0:0:0:0:0:1]:49896]: Connected via websocket
[00:02:34] [Netty epoll Worker #1/INFO] [eaglerxvelocity]: [/[0:0:0:0:0:0:0:1]:49896]: Origin header is null
[00:02:35] [Netty epoll Worker #1/INFO] [eaglerxvelocity]: [connected player] Mapicc_ (/[0:0:0:0:0:0:0:1]:49896) has connected
[00:02:35] [Netty epoll Worker #1/INFO] [com.velocitypowered.proxy.connection.MinecraftConnection]: [server connection] Mapicc_ -> lobby has connected
[00:06:59] [Netty epoll Worker #0/INFO] [com.velocitypowered.proxy.connection.MinecraftConnection]: [connected player] rw4 (/[0:0:0:0:0:0:0:1]:49500) has disconnected
[00:06:59] [Netty epoll Worker #0/INFO] [com.velocitypowered.proxy.connection.MinecraftConnection]: [server connection] rw4 -> lobby has disconnected
[00:07:13] [Netty epoll Worker #0/INFO] [eaglerxvelocity]: [/[0:0:0:0:0:0:0:1]:48804]: Connected via websocket
[00:07:13] [Netty epoll Worker #0/INFO] [eaglerxvelocity]: [/[0:0:0:0:0:0:0:1]:48804]: Origin header is null
[00:07:13] [Netty epoll Worker #0/INFO] [eaglerxvelocity]: [connected player] rw4 (/[0:0:0:0:0:0:0:1]:48804) has connected
[00:07:13] [Netty epoll Worker #0/INFO] [com.velocitypowered.proxy.connection.MinecraftConnection]: [server connection] rw4 -> lobby has connected
[00:07:30] [Netty epoll Worker #0/INFO] [com.velocitypowered.proxy.connection.MinecraftConnection]: [connected player] rw4 (/[0:0:0:0:0:0:0:1]:48804) has disconnected
[00:07:30] [Netty epoll Worker #0/INFO] [com.velocitypowered.proxy.connection.MinecraftConnection]: [server connection] rw4 -> lobby has disconnected
[00:07:52] [Netty epoll Worker #3/INFO] [eaglerxvelocity]: [/[0:0:0:0:0:0:0:1]:46862]: Connected via websocket
[00:07:52] [Netty epoll Worker #3/INFO] [eaglerxvelocity]: [/[0:0:0:0:0:0:0:1]:46862]: Origin header is null
[00:07:52] [Netty epoll Worker #3/INFO] [eaglerxvelocity]: [connected player] rw4 (/[0:0:0:0:0:0:0:1]:46862) has connected
[00:07:52] [Netty epoll Worker #3/INFO] [com.velocitypowered.proxy.connection.MinecraftConnection]: [server connection] rw4 -> lobby has connected
[00:10:10] [Netty epoll Worker #3/INFO] [com.velocitypowered.proxy.connection.MinecraftConnection]: [connected player] rw4 (/[0:0:0:0:0:0:0:1]:46862) has disconnected
[00:10:10] [Netty epoll Worker #3/INFO] [com.velocitypowered.proxy.connection.MinecraftConnection]: [server connection] rw4 -> lobby has disconnected
[00:13:09] [Netty epoll Worker #3/INFO] [eaglerxvelocity]: [/[0:0:0:0:0:0:0:1]:39122]: Connected via websocket
[00:13:09] [Netty epoll Worker #3/INFO] [eaglerxvelocity]: [/[0:0:0:0:0:0:0:1]:39122]: Origin header is null
[00:13:09] [Netty epoll Worker #3/INFO] [eaglerxvelocity]: [connected player] rw4 (/[0:0:0:0:0:0:0:1]:39122) has connected
[00:13:09] [Netty epoll Worker #3/INFO] [com.velocitypowered.proxy.connection.MinecraftConnection]: [server connection] rw4 -> lobby has connected
[00:15:07] [Netty epoll Worker #3/INFO] [com.velocitypowered.proxy.connection.MinecraftConnection]: [connected player] rw4 (/[0:0:0:0:0:0:0:1]:39122) has disconnected
[00:15:07] [Netty epoll Worker #3/INFO] [com.velocitypowered.proxy.connection.MinecraftConnection]: [server connection] rw4 -> lobby has disconnected
[00:15:54] [Netty epoll Worker #3/INFO] [com.velocitypowered.proxy.connection.MinecraftConnection]: [connected player] Wemmbu (/[0:0:0:0:0:0:0:1]:39428) has disconnected
[00:15:54] [Netty epoll Worker #3/INFO] [com.velocitypowered.proxy.connection.MinecraftConnection]: [server connection] Wemmbu -> lobby has disconnected
[00:17:22] [Netty epoll Worker #1/INFO] [com.velocitypowered.proxy.connection.MinecraftConnection]: [connected player] Mapicc_ (/[0:0:0:0:0:0:0:1]:49896) has disconnected
[00:17:22] [Netty epoll Worker #1/INFO] [com.velocitypowered.proxy.connection.MinecraftConnection]: [server connection] Mapicc_ -> lobby has disconnected
[00:17:27] [Netty epoll Worker #2/INFO] [com.velocitypowered.proxy.connection.MinecraftConnection]: [connected player] hadeel (/[0:0:0:0:0:0:0:1]:45090) has disconnected
[00:17:27] [Netty epoll Worker #2/INFO] [com.velocitypowered.proxy.connection.MinecraftConnection]: [server connection] hadeel -> lobby has disconnected
[00:17:28] [Netty epoll Worker #3/INFO] [eaglerxvelocity]: [/[0:0:0:0:0:0:0:1]:37474]: Connected via websocket
[00:17:28] [Netty epoll Worker #3/INFO] [eaglerxvelocity]: [/[0:0:0:0:0:0:0:1]:37474]: Origin header is null
[00:17:28] [Netty epoll Worker #3/INFO] [eaglerxvelocity]: [connected player] Mapicc_ (/[0:0:0:0:0:0:0:1]:37474) has connected
[00:17:28] [Netty epoll Worker #3/INFO] [com.velocitypowered.proxy.connection.MinecraftConnection]: [server connection] Mapicc_ -> lobby has connected
[00:17:43] [Netty epoll Worker #3/INFO] [com.velocitypowered.proxy.connection.MinecraftConnection]: [connected player] Mapicc_ (/[0:0:0:0:0:0:0:1]:37474) has disconnected
[00:17:43] [Netty epoll Worker #3/INFO] [com.velocitypowered.proxy.connection.MinecraftConnection]: [server connection] Mapicc_ -> lobby has disconnected
[00:19:19] [Netty epoll Worker #3/INFO] [eaglerxvelocity]: [/[0:0:0:0:0:0:0:1]:51510]: Connected via websocket
[00:19:19] [Netty epoll Worker #3/INFO] [eaglerxvelocity]: [/[0:0:0:0:0:0:0:1]:51510]: Origin header is null
[00:19:19] [Netty epoll Worker #3/INFO] [eaglerxvelocity]: [connected player] Manepear (/[0:0:0:0:0:0:0:1]:51510) has connected
[00:19:19] [Netty epoll Worker #3/INFO] [com.velocitypowered.proxy.connection.MinecraftConnection]: [server connection] Manepear -> lobby has connected
[00:23:21] [Netty epoll Worker #3/INFO] [eaglerxvelocity]: [/[0:0:0:0:0:0:0:1]:42596]: Connected via websocket
[00:23:21] [Netty epoll Worker #3/INFO] [eaglerxvelocity]: [/[0:0:0:0:0:0:0:1]:42596]: Origin header is null
[00:23:21] [Netty epoll Worker #3/INFO] [eaglerxvelocity]: [connected player] rw4 (/[0:0:0:0:0:0:0:1]:42596) has connected
[00:23:21] [Netty epoll Worker #3/INFO] [com.velocitypowered.proxy.connection.MinecraftConnection]: [server connection] rw4 -> lobby has connected
[00:24:30] [Netty epoll Worker #3/INFO] [com.velocitypowered.proxy.connection.MinecraftConnection]: [connected player] rw4 (/[0:0:0:0:0:0:0:1]:42596) has disconnected
[00:24:30] [Netty epoll Worker #3/INFO] [com.velocitypowered.proxy.connection.MinecraftConnection]: [server connection] rw4 -> lobby has disconnected
[00:24:46] [Netty epoll Worker #2/INFO] [eaglerxvelocity]: [/[0:0:0:0:0:0:0:1]:49524]: Connected via websocket
[00:24:46] [Netty epoll Worker #2/INFO] [eaglerxvelocity]: [/[0:0:0:0:0:0:0:1]:49524]: Origin header is null
[00:24:46] [Netty epoll Worker #2/INFO] [eaglerxvelocity]: [connected player] rw4 (/[0:0:0:0:0:0:0:1]:49524) has connected
[00:24:46] [Netty epoll Worker #2/INFO] [com.velocitypowered.proxy.connection.MinecraftConnection]: [server connection] rw4 -> lobby has connected
[00:27:46] [Netty epoll Worker #2/INFO] [com.velocitypowered.proxy.connection.MinecraftConnection]: [connected player] rw4 (/[0:0:0:0:0:0:0:1]:49524) has disconnected
[00:27:46] [Netty epoll Worker #2/INFO] [com.velocitypowered.proxy.connection.MinecraftConnection]: [server connection] rw4 -> lobby has disconnected
[00:27:57] [Netty epoll Worker #1/INFO] [eaglerxvelocity]: [/[0:0:0:0:0:0:0:1]:37754]: Connected via websocket
[00:27:57] [Netty epoll Worker #1/INFO] [eaglerxvelocity]: [/[0:0:0:0:0:0:0:1]:37754]: Origin header is null
[00:27:58] [Netty epoll Worker #1/INFO] [eaglerxvelocity]: [connected player] rw4 (/[0:0:0:0:0:0:0:1]:37754) has connected
[00:27:58] [Netty epoll Worker #1/INFO] [com.velocitypowered.proxy.connection.MinecraftConnection]: [server connection] rw4 -> lobby has connected
[00:29:41] [Netty epoll Worker #1/INFO] [com.velocitypowered.proxy.connection.MinecraftConnection]: [connected player] rw4 (/[0:0:0:0:0:0:0:1]:37754) has disconnected
[00:29:41] [Netty epoll Worker #1/INFO] [com.velocitypowered.proxy.connection.MinecraftConnection]: [server connection] rw4 -> lobby has disconnected
[00:29:53] [Netty epoll Worker #0/INFO] [eaglerxvelocity]: [/[0:0:0:0:0:0:0:1]:35152]: Connected via websocket
[00:29:53] [Netty epoll Worker #0/INFO] [eaglerxvelocity]: [/[0:0:0:0:0:0:0:1]:35152]: Origin header is null
[00:29:53] [Netty epoll Worker #0/INFO] [eaglerxvelocity]: [connected player] rw4 (/[0:0:0:0:0:0:0:1]:35152) has connected
[00:29:53] [Netty epoll Worker #0/INFO] [com.velocitypowered.proxy.connection.MinecraftConnection]: [server connection] rw4 -> lobby has connected
[00:30:45] [Netty epoll Worker #2/INFO] [eaglerxvelocity]: [/[0:0:0:0:0:0:0:1]:53424]: Connected via websocket
[00:30:45] [Netty epoll Worker #2/INFO] [eaglerxvelocity]: [/[0:0:0:0:0:0:0:1]:53424]: Origin header is null
[00:30:45] [Netty epoll Worker #2/INFO] [eaglerxvelocity]: [connected player] Mapicc_ (/[0:0:0:0:0:0:0:1]:53424) has connected
[00:30:45] [Netty epoll Worker #2/INFO] [com.velocitypowered.proxy.connection.MinecraftConnection]: [server connection] Mapicc_ -> lobby has connected
[00:31:35] [Netty epoll Worker #3/INFO] [com.velocitypowered.proxy.connection.MinecraftConnection]: [connected player] Manepear (/[0:0:0:0:0:0:0:1]:51510) has disconnected
[00:31:35] [Netty epoll Worker #3/INFO] [com.velocitypowered.proxy.connection.MinecraftConnection]: [server connection] Manepear -> lobby has disconnected
[00:31:42] [Netty epoll Worker #0/INFO] [com.velocitypowered.proxy.connection.MinecraftConnection]: [connected player] rw4 (/[0:0:0:0:0:0:0:1]:35152) has disconnected
[00:31:42] [Netty epoll Worker #0/INFO] [com.velocitypowered.proxy.connection.MinecraftConnection]: [server connection] rw4 -> lobby has disconnected
[00:32:01] [Netty epoll Worker #0/INFO] [eaglerxvelocity]: [/[0:0:0:0:0:0:0:1]:35896]: Connected via websocket
[00:32:01] [Netty epoll Worker #0/INFO] [eaglerxvelocity]: [/[0:0:0:0:0:0:0:1]:35896]: Origin header is null
[00:32:01] [Netty epoll Worker #0/INFO] [eaglerxvelocity]: [connected player] Manepear (/[0:0:0:0:0:0:0:1]:35896) has connected
[00:32:01] [Netty epoll Worker #0/INFO] [com.velocitypowered.proxy.connection.MinecraftConnection]: [server connection] Manepear -> lobby has connected
[00:33:50] [Netty epoll Worker #2/INFO] [eaglerxvelocity]: [/[0:0:0:0:0:0:0:1]:47996]: Connected via websocket
[00:33:50] [Netty epoll Worker #2/INFO] [eaglerxvelocity]: [/[0:0:0:0:0:0:0:1]:47996]: Origin header is null
[00:33:50] [Netty epoll Worker #2/INFO] [eaglerxvelocity]: [connected player] rw4 (/[0:0:0:0:0:0:0:1]:47996) has connected
[00:33:50] [Netty epoll Worker #2/INFO] [com.velocitypowered.proxy.connection.MinecraftConnection]: [server connection] rw4 -> lobby has connected
[00:33:58] [Netty epoll Worker #2/INFO] [com.velocitypowered.proxy.connection.MinecraftConnection]: [connected player] Mapicc_ (/[0:0:0:0:0:0:0:1]:53424) has disconnected
[00:33:58] [Netty epoll Worker #2/INFO] [com.velocitypowered.proxy.connection.MinecraftConnection]: [server connection] Mapicc_ -> lobby has disconnected
[00:36:31] [Netty epoll Worker #2/INFO] [com.velocitypowered.proxy.connection.MinecraftConnection]: [connected player] rw4 (/[0:0:0:0:0:0:0:1]:47996) has disconnected
[00:36:31] [Netty epoll Worker #2/INFO] [com.velocitypowered.proxy.connection.MinecraftConnection]: [server connection] rw4 -> lobby has disconnected
[00:37:38] [Netty epoll Worker #1/INFO] [eaglerxvelocity]: [/[0:0:0:0:0:0:0:1]:43654]: Connected via websocket
[00:37:38] [Netty epoll Worker #1/INFO] [eaglerxvelocity]: [/[0:0:0:0:0:0:0:1]:43654]: Origin header is null
[00:37:38] [Netty epoll Worker #1/INFO] [eaglerxvelocity]: [connected player] Mapicc_ (/[0:0:0:0:0:0:0:1]:43654) has connected
[00:37:38] [Netty epoll Worker #1/INFO] [com.velocitypowered.proxy.connection.MinecraftConnection]: [server connection] Mapicc_ -> lobby has connected
[00:37:40] [Netty epoll Worker #2/INFO] [eaglerxvelocity]: [/[0:0:0:0:0:0:0:1]:43658]: Connected via websocket
[00:37:40] [Netty epoll Worker #2/INFO] [eaglerxvelocity]: [/[0:0:0:0:0:0:0:1]:43658]: Origin header is null
[00:37:56] [Netty epoll Worker #1/INFO] [eaglerxvelocity]: [/[0:0:0:0:0:0:0:1]:33202]: Connected via websocket
[00:37:56] [Netty epoll Worker #1/INFO] [eaglerxvelocity]: [/[0:0:0:0:0:0:0:1]:33202]: Origin header is null
[00:37:56] [Netty epoll Worker #1/INFO] [eaglerxvelocity]: [connected player] rw4 (/[0:0:0:0:0:0:0:1]:33202) has connected
[00:37:56] [Netty epoll Worker #1/INFO] [com.velocitypowered.proxy.connection.MinecraftConnection]: [server connection] rw4 -> lobby has connected
[00:39:28] [Netty epoll Worker #1/INFO] [com.velocitypowered.proxy.connection.MinecraftConnection]: [connected player] Mapicc_ (/[0:0:0:0:0:0:0:1]:43654) has disconnected
[00:39:28] [Netty epoll Worker #1/INFO] [com.velocitypowered.proxy.connection.MinecraftConnection]: [server connection] Mapicc_ -> lobby has disconnected
[00:39:29] [Netty epoll Worker #1/INFO] [com.velocitypowered.proxy.connection.MinecraftConnection]: [connected player] rw4 (/[0:0:0:0:0:0:0:1]:33202) has disconnected
[00:39:29] [Netty epoll Worker #1/INFO] [com.velocitypowered.proxy.connection.MinecraftConnection]: [server connection] rw4 -> lobby has disconnected
[00:39:30] [Netty epoll Worker #0/INFO] [com.velocitypowered.proxy.connection.MinecraftConnection]: [connected player] Manepear (/[0:0:0:0:0:0:0:1]:35896) has disconnected
[00:39:30] [Netty epoll Worker #0/INFO] [com.velocitypowered.proxy.connection.MinecraftConnection]: [server connection] Manepear -> lobby has disconnected
[00:40:21] [Netty epoll Worker #0/INFO] [eaglerxvelocity]: [/[0:0:0:0:0:0:0:1]:37876]: Connected via websocket
[00:40:21] [Netty epoll Worker #0/INFO] [eaglerxvelocity]: [/[0:0:0:0:0:0:0:1]:37876]: Origin header is null
[00:40:21] [Netty epoll Worker #0/INFO] [eaglerxvelocity]: [connected player] rw4 (/[0:0:0:0:0:0:0:1]:37876) has connected
[00:40:21] [Netty epoll Worker #0/INFO] [com.velocitypowered.proxy.connection.MinecraftConnection]: [server connection] rw4 -> lobby has connected
[00:40:22] [Netty epoll Worker #1/INFO] [eaglerxvelocity]: [/[0:0:0:0:0:0:0:1]:55168]: Connected via websocket
[00:40:22] [Netty epoll Worker #1/INFO] [eaglerxvelocity]: [/[0:0:0:0:0:0:0:1]:55168]: Origin header is null
[00:40:26] [Netty epoll Worker #3/INFO] [eaglerxvelocity]: [/[0:0:0:0:0:0:0:1]:55178]: Connected via websocket
[00:40:26] [Netty epoll Worker #3/INFO] [eaglerxvelocity]: [/[0:0:0:0:0:0:0:1]:55178]: Origin header is null
[00:40:26] [Netty epoll Worker #3/INFO] [eaglerxvelocity]: [connected player] Manepear (/[0:0:0:0:0:0:0:1]:55178) has connected
[00:40:26] [Netty epoll Worker #3/INFO] [com.velocitypowered.proxy.connection.MinecraftConnection]: [server connection] Manepear -> lobby has connected
[00:40:42] [Netty epoll Worker #0/INFO] [com.velocitypowered.proxy.connection.MinecraftConnection]: [connected player] rw4 (/[0:0:0:0:0:0:0:1]:37876) has disconnected
[00:40:42] [Netty epoll Worker #0/INFO] [com.velocitypowered.proxy.connection.MinecraftConnection]: [server connection] rw4 -> lobby has disconnected
[00:40:48] [Netty epoll Worker #0/INFO] [eaglerxvelocity]: [/[0:0:0:0:0:0:0:1]:54452]: Connected via websocket
[00:40:48] [Netty epoll Worker #0/INFO] [eaglerxvelocity]: [/[0:0:0:0:0:0:0:1]:54452]: Origin header is null
[00:40:48] [Netty epoll Worker #0/INFO] [eaglerxvelocity]: [connected player] Mapicc_ (/[0:0:0:0:0:0:0:1]:54452) has connected
[00:40:48] [Netty epoll Worker #0/INFO] [com.velocitypowered.proxy.connection.MinecraftConnection]: [server connection] Mapicc_ -> lobby has connected
[00:41:41] [Netty epoll Worker #2/INFO] [eaglerxvelocity]: [/[0:0:0:0:0:0:0:1]:36242]: Connected via websocket
[00:41:41] [Netty epoll Worker #2/INFO] [eaglerxvelocity]: [/[0:0:0:0:0:0:0:1]:36242]: Origin header is null
[00:41:42] [Netty epoll Worker #2/INFO] [eaglerxvelocity]: [connected player] rw4 (/[0:0:0:0:0:0:0:1]:36242) has connected
[00:41:42] [Netty epoll Worker #2/INFO] [com.velocitypowered.proxy.connection.MinecraftConnection]: [server connection] rw4 -> lobby has connected
[00:45:31] [Netty epoll Worker #3/INFO] [com.velocitypowered.proxy.connection.MinecraftConnection]: [connected player] Manepear (/[0:0:0:0:0:0:0:1]:55178) has disconnected
[00:45:31] [Netty epoll Worker #3/INFO] [com.velocitypowered.proxy.connection.MinecraftConnection]: [server connection] Manepear -> lobby has disconnected
[00:46:42] [Netty epoll Worker #0/INFO] [com.velocitypowered.proxy.connection.MinecraftConnection]: [connected player] Mapicc_ (/[0:0:0:0:0:0:0:1]:54452) has disconnected
[00:46:42] [Netty epoll Worker #0/INFO] [com.velocitypowered.proxy.connection.MinecraftConnection]: [server connection] Mapicc_ -> lobby has disconnected
[00:47:18] [Netty epoll Worker #1/INFO] [eaglerxvelocity]: [/[0:0:0:0:0:0:0:1]:38934]: Connected via websocket
[00:47:18] [Netty epoll Worker #1/INFO] [eaglerxvelocity]: [/[0:0:0:0:0:0:0:1]:38934]: Origin header is null
[00:47:18] [Netty epoll Worker #1/INFO] [eaglerxvelocity]: [connected player] Mapicc_ (/[0:0:0:0:0:0:0:1]:38934) has connected
[00:47:18] [Netty epoll Worker #1/INFO] [com.velocitypowered.proxy.connection.MinecraftConnection]: [server connection] Mapicc_ -> lobby has connected
[00:51:58] [Netty epoll Worker #2/INFO] [com.velocitypowered.proxy.connection.MinecraftConnection]: [connected player] rw4 (/[0:0:0:0:0:0:0:1]:36242) has disconnected
[00:51:58] [Netty epoll Worker #2/INFO] [com.velocitypowered.proxy.connection.MinecraftConnection]: [server connection] rw4 -> lobby has disconnected
[00:52:11] [Netty epoll Worker #2/INFO] [eaglerxvelocity]: [/[0:0:0:0:0:0:0:1]:49594]: Connected via websocket
[00:52:11] [Netty epoll Worker #2/INFO] [eaglerxvelocity]: [/[0:0:0:0:0:0:0:1]:49594]: Origin header is null
[00:52:11] [Netty epoll Worker #2/INFO] [eaglerxvelocity]: [connected player] Manepear (/[0:0:0:0:0:0:0:1]:49594) has connected
[00:52:11] [Netty epoll Worker #2/INFO] [com.velocitypowered.proxy.connection.MinecraftConnection]: [server connection] Manepear -> lobby has connected
[00:52:59] [Netty epoll Worker #0/INFO] [eaglerxvelocity]: [/[0:0:0:0:0:0:0:1]:59506]: Connected via websocket
[00:52:59] [Netty epoll Worker #0/INFO] [eaglerxvelocity]: [/[0:0:0:0:0:0:0:1]:59506]: Origin header is null
[00:52:59] [Netty epoll Worker #0/INFO] [eaglerxvelocity]: [connected player] rw4 (/[0:0:0:0:0:0:0:1]:59506) has connected
[00:52:59] [Netty epoll Worker #0/INFO] [com.velocitypowered.proxy.connection.MinecraftConnection]: [server connection] rw4 -> lobby has connected
[00:54:03] [Netty epoll Worker #1/INFO] [com.velocitypowered.proxy.connection.MinecraftConnection]: [connected player] Mapicc_ (/[0:0:0:0:0:0:0:1]:38934) has disconnected
[00:54:03] [Netty epoll Worker #1/INFO] [com.velocitypowered.proxy.connection.MinecraftConnection]: [server connection] Mapicc_ -> lobby has disconnected
[00:56:36] [Netty epoll Worker #3/INFO] [eaglerxvelocity]: [/[0:0:0:0:0:0:0:1]:41670]: Connected via websocket
[00:56:36] [Netty epoll Worker #3/INFO] [eaglerxvelocity]: [/[0:0:0:0:0:0:0:1]:41670]: Origin header is null
[00:56:36] [Netty epoll Worker #3/INFO] [eaglerxvelocity]: [connected player] icetofight (/[0:0:0:0:0:0:0:1]:41670) has connected
[00:56:36] [Netty epoll Worker #3/INFO] [com.velocitypowered.proxy.connection.MinecraftConnection]: [server connection] icetofight -> lobby has connected
